[2024-12-07T19:59:13.680+0000] {local_task_job_runner.py:123} INFO - ::group::Pre task execution logs
[2024-12-07T19:59:13.698+0000] {taskinstance.py:2613} INFO - Dependencies all met for dep_context=non-requeueable deps ti=<TaskInstance: medal_count_dag.generate_delay manual__2024-12-07T19:11:06.363937+00:00 [queued]>
[2024-12-07T19:59:13.709+0000] {taskinstance.py:2613} INFO - Dependencies all met for dep_context=requeueable deps ti=<TaskInstance: medal_count_dag.generate_delay manual__2024-12-07T19:11:06.363937+00:00 [queued]>
[2024-12-07T19:59:13.709+0000] {taskinstance.py:2866} INFO - Starting attempt 1 of 2
[2024-12-07T19:59:13.723+0000] {taskinstance.py:2889} INFO - Executing <Task(PythonOperator): generate_delay> on 2024-12-07 19:11:06.363937+00:00
[2024-12-07T19:59:13.732+0000] {warnings.py:112} WARNING - /home/***/.local/lib/python3.12/site-packages/***/task/task_runner/standard_task_runner.py:70: DeprecationWarning: This process (pid=5353) is multi-threaded, use of fork() may lead to deadlocks in the child.
  pid = os.fork()

[2024-12-07T19:59:13.734+0000] {standard_task_runner.py:72} INFO - Started process 5355 to run task
[2024-12-07T19:59:13.733+0000] {standard_task_runner.py:104} INFO - Running: ['***', 'tasks', 'run', 'medal_count_dag', 'generate_delay', 'manual__2024-12-07T19:11:06.363937+00:00', '--job-id', '95', '--raw', '--subdir', 'DAGS_FOLDER/main.py', '--cfg-path', '/tmp/tmp9kltc0vj']
[2024-12-07T19:59:13.735+0000] {standard_task_runner.py:105} INFO - Job 95: Subtask generate_delay
[2024-12-07T19:59:13.780+0000] {task_command.py:467} INFO - Running <TaskInstance: medal_count_dag.generate_delay manual__2024-12-07T19:11:06.363937+00:00 [running]> on host a693d8a2436c
[2024-12-07T19:59:14.077+0000] {taskinstance.py:3132} INFO - Exporting env vars: AIRFLOW_CTX_DAG_OWNER='***' AIRFLOW_CTX_DAG_ID='medal_count_dag' AIRFLOW_CTX_TASK_ID='generate_delay' AIRFLOW_CTX_EXECUTION_DATE='2024-12-07T19:11:06.363937+00:00' AIRFLOW_CTX_TRY_NUMBER='1' AIRFLOW_CTX_DAG_RUN_ID='manual__2024-12-07T19:11:06.363937+00:00'
[2024-12-07T19:59:14.078+0000] {logging_mixin.py:190} INFO - Task instance is in running state
[2024-12-07T19:59:14.079+0000] {logging_mixin.py:190} INFO -  Previous state of the Task instance: queued
[2024-12-07T19:59:14.079+0000] {logging_mixin.py:190} INFO - Current task name:generate_delay state:running start_date:2024-12-07 19:59:13.699077+00:00
[2024-12-07T19:59:14.080+0000] {logging_mixin.py:190} INFO - Dag name:medal_count_dag and current dag run status:running
[2024-12-07T19:59:14.081+0000] {taskinstance.py:731} INFO - ::endgroup::
[2024-12-07T19:59:19.082+0000] {python.py:240} INFO - Done. Returned value was: None
[2024-12-07T19:59:19.092+0000] {taskinstance.py:340} INFO - ::group::Post task execution logs
[2024-12-07T19:59:19.093+0000] {taskinstance.py:352} INFO - Marking task as SUCCESS. dag_id=medal_count_dag, task_id=generate_delay, run_id=manual__2024-12-07T19:11:06.363937+00:00, execution_date=20241207T191106, start_date=20241207T195913, end_date=20241207T195919
[2024-12-07T19:59:19.104+0000] {logging_mixin.py:190} INFO - Task instance in success state
[2024-12-07T19:59:19.105+0000] {logging_mixin.py:190} INFO -  Previous state of the Task instance: running
[2024-12-07T19:59:19.106+0000] {logging_mixin.py:190} INFO - Dag name:medal_count_dag queued_at:2024-12-07 19:59:01.867964+00:00
[2024-12-07T19:59:19.106+0000] {logging_mixin.py:190} INFO - Task hostname:a693d8a2436c operator:PythonOperator
[2024-12-07T19:59:19.137+0000] {local_task_job_runner.py:266} INFO - Task exited with return code 0
[2024-12-07T19:59:19.158+0000] {taskinstance.py:3895} INFO - 1 downstream tasks scheduled from follow-on schedule check
[2024-12-07T19:59:19.160+0000] {local_task_job_runner.py:245} INFO - ::endgroup::
