[2024-12-07T19:44:44.658+0000] {local_task_job_runner.py:123} INFO - ::group::Pre task execution logs
[2024-12-07T19:44:44.672+0000] {taskinstance.py:2613} INFO - Dependencies all met for dep_context=non-requeueable deps ti=<TaskInstance: medal_count_dag.generate_delay manual__2024-12-07T19:44:33.808319+00:00 [queued]>
[2024-12-07T19:44:44.680+0000] {taskinstance.py:2613} INFO - Dependencies all met for dep_context=requeueable deps ti=<TaskInstance: medal_count_dag.generate_delay manual__2024-12-07T19:44:33.808319+00:00 [queued]>
[2024-12-07T19:44:44.682+0000] {taskinstance.py:2866} INFO - Starting attempt 1 of 2
[2024-12-07T19:44:44.693+0000] {taskinstance.py:2889} INFO - Executing <Task(PythonOperator): generate_delay> on 2024-12-07 19:44:33.808319+00:00
[2024-12-07T19:44:44.700+0000] {warnings.py:112} WARNING - /home/***/.local/lib/python3.12/site-packages/***/task/task_runner/standard_task_runner.py:70: DeprecationWarning: This process (pid=4991) is multi-threaded, use of fork() may lead to deadlocks in the child.
  pid = os.fork()

[2024-12-07T19:44:44.702+0000] {standard_task_runner.py:72} INFO - Started process 4993 to run task
[2024-12-07T19:44:44.702+0000] {standard_task_runner.py:104} INFO - Running: ['***', 'tasks', 'run', 'medal_count_dag', 'generate_delay', 'manual__2024-12-07T19:44:33.808319+00:00', '--job-id', '52', '--raw', '--subdir', 'DAGS_FOLDER/main.py', '--cfg-path', '/tmp/tmp2w2mbr9f']
[2024-12-07T19:44:44.704+0000] {standard_task_runner.py:105} INFO - Job 52: Subtask generate_delay
[2024-12-07T19:44:44.741+0000] {task_command.py:467} INFO - Running <TaskInstance: medal_count_dag.generate_delay manual__2024-12-07T19:44:33.808319+00:00 [running]> on host a693d8a2436c
[2024-12-07T19:44:44.974+0000] {taskinstance.py:3132} INFO - Exporting env vars: AIRFLOW_CTX_DAG_OWNER='***' AIRFLOW_CTX_DAG_ID='medal_count_dag' AIRFLOW_CTX_TASK_ID='generate_delay' AIRFLOW_CTX_EXECUTION_DATE='2024-12-07T19:44:33.808319+00:00' AIRFLOW_CTX_TRY_NUMBER='1' AIRFLOW_CTX_DAG_RUN_ID='manual__2024-12-07T19:44:33.808319+00:00'
[2024-12-07T19:44:44.975+0000] {logging_mixin.py:190} INFO - Task instance is in running state
[2024-12-07T19:44:44.976+0000] {logging_mixin.py:190} INFO -  Previous state of the Task instance: queued
[2024-12-07T19:44:44.977+0000] {logging_mixin.py:190} INFO - Current task name:generate_delay state:running start_date:2024-12-07 19:44:44.673967+00:00
[2024-12-07T19:44:44.978+0000] {logging_mixin.py:190} INFO - Dag name:medal_count_dag and current dag run status:running
[2024-12-07T19:44:44.978+0000] {taskinstance.py:731} INFO - ::endgroup::
[2024-12-07T19:45:19.978+0000] {python.py:240} INFO - Done. Returned value was: None
[2024-12-07T19:45:19.987+0000] {taskinstance.py:340} INFO - ::group::Post task execution logs
[2024-12-07T19:45:19.988+0000] {taskinstance.py:352} INFO - Marking task as SUCCESS. dag_id=medal_count_dag, task_id=generate_delay, run_id=manual__2024-12-07T19:44:33.808319+00:00, execution_date=20241207T194433, start_date=20241207T194444, end_date=20241207T194519
[2024-12-07T19:45:19.999+0000] {logging_mixin.py:190} INFO - Task instance in success state
[2024-12-07T19:45:20.000+0000] {logging_mixin.py:190} INFO -  Previous state of the Task instance: running
[2024-12-07T19:45:20.000+0000] {logging_mixin.py:190} INFO - Dag name:medal_count_dag queued_at:2024-12-07 19:44:33.818648+00:00
[2024-12-07T19:45:20.001+0000] {logging_mixin.py:190} INFO - Task hostname:a693d8a2436c operator:PythonOperator
[2024-12-07T19:45:20.031+0000] {local_task_job_runner.py:266} INFO - Task exited with return code 0
[2024-12-07T19:45:20.046+0000] {taskinstance.py:3895} INFO - 1 downstream tasks scheduled from follow-on schedule check
[2024-12-07T19:45:20.049+0000] {local_task_job_runner.py:245} INFO - ::endgroup::
