[2024-12-07T20:05:44.856+0000] {local_task_job_runner.py:123} INFO - ::group::Pre task execution logs
[2024-12-07T20:05:44.869+0000] {taskinstance.py:2613} INFO - Dependencies all met for dep_context=non-requeueable deps ti=<TaskInstance: medal_count_dag.check_recent_record manual__2024-12-07T19:30:35.686694+00:00 [queued]>
[2024-12-07T20:05:44.876+0000] {taskinstance.py:2613} INFO - Dependencies all met for dep_context=requeueable deps ti=<TaskInstance: medal_count_dag.check_recent_record manual__2024-12-07T19:30:35.686694+00:00 [queued]>
[2024-12-07T20:05:44.878+0000] {taskinstance.py:2866} INFO - Starting attempt 1 of 2
[2024-12-07T20:05:44.888+0000] {taskinstance.py:2889} INFO - Executing <Task(SqlSensor): check_recent_record> on 2024-12-07 19:30:35.686694+00:00
[2024-12-07T20:05:44.895+0000] {warnings.py:112} WARNING - /home/***/.local/lib/python3.12/site-packages/***/task/task_runner/standard_task_runner.py:70: DeprecationWarning: This process (pid=5562) is multi-threaded, use of fork() may lead to deadlocks in the child.
  pid = os.fork()

[2024-12-07T20:05:44.897+0000] {standard_task_runner.py:72} INFO - Started process 5571 to run task
[2024-12-07T20:05:44.897+0000] {standard_task_runner.py:104} INFO - Running: ['***', 'tasks', 'run', 'medal_count_dag', 'check_recent_record', 'manual__2024-12-07T19:30:35.686694+00:00', '--job-id', '126', '--raw', '--subdir', 'DAGS_FOLDER/main.py', '--cfg-path', '/tmp/tmps05mqx5d']
[2024-12-07T20:05:44.899+0000] {standard_task_runner.py:105} INFO - Job 126: Subtask check_recent_record
[2024-12-07T20:05:44.936+0000] {task_command.py:467} INFO - Running <TaskInstance: medal_count_dag.check_recent_record manual__2024-12-07T19:30:35.686694+00:00 [running]> on host a693d8a2436c
[2024-12-07T20:05:45.167+0000] {taskinstance.py:3132} INFO - Exporting env vars: AIRFLOW_CTX_DAG_OWNER='***' AIRFLOW_CTX_DAG_ID='medal_count_dag' AIRFLOW_CTX_TASK_ID='check_recent_record' AIRFLOW_CTX_EXECUTION_DATE='2024-12-07T19:30:35.686694+00:00' AIRFLOW_CTX_TRY_NUMBER='1' AIRFLOW_CTX_DAG_RUN_ID='manual__2024-12-07T19:30:35.686694+00:00'
[2024-12-07T20:05:45.168+0000] {logging_mixin.py:190} INFO - Task instance is in running state
[2024-12-07T20:05:45.169+0000] {logging_mixin.py:190} INFO -  Previous state of the Task instance: queued
[2024-12-07T20:05:45.170+0000] {logging_mixin.py:190} INFO - Current task name:check_recent_record state:running start_date:2024-12-07 20:05:44.870859+00:00
[2024-12-07T20:05:45.171+0000] {logging_mixin.py:190} INFO - Dag name:medal_count_dag and current dag run status:running
[2024-12-07T20:05:45.171+0000] {taskinstance.py:731} INFO - ::endgroup::
[2024-12-07T20:05:45.178+0000] {base.py:84} INFO - Retrieving connection 'goit_mysql_db_volodymyrdubrovskyi'
[2024-12-07T20:05:45.180+0000] {sql.py:101} INFO - Poking: 
    SELECT COUNT(*) 
    FROM medal_count_vvd 
    WHERE created_at >= NOW() - INTERVAL 30 SECOND;
     (with parameters None)
[2024-12-07T20:05:45.186+0000] {base.py:84} INFO - Retrieving connection 'goit_mysql_db_volodymyrdubrovskyi'
[2024-12-07T20:05:45.409+0000] {sql.py:544} INFO - Running statement: 
    SELECT COUNT(*) 
    FROM medal_count_vvd 
    WHERE created_at >= NOW() - INTERVAL 30 SECOND;
    , parameters: None
[2024-12-07T20:05:45.454+0000] {sql.py:553} INFO - Rows affected: 1
[2024-12-07T20:05:45.498+0000] {base.py:336} INFO - Success criteria met. Exiting.
[2024-12-07T20:05:45.506+0000] {taskinstance.py:340} INFO - ::group::Post task execution logs
[2024-12-07T20:05:45.507+0000] {taskinstance.py:352} INFO - Marking task as SUCCESS. dag_id=medal_count_dag, task_id=check_recent_record, run_id=manual__2024-12-07T19:30:35.686694+00:00, execution_date=20241207T193035, start_date=20241207T200544, end_date=20241207T200545
[2024-12-07T20:05:45.516+0000] {logging_mixin.py:190} INFO - Task instance in success state
[2024-12-07T20:05:45.516+0000] {logging_mixin.py:190} INFO -  Previous state of the Task instance: running
[2024-12-07T20:05:45.517+0000] {logging_mixin.py:190} INFO - Dag name:medal_count_dag queued_at:2024-12-07 20:05:25.624739+00:00
[2024-12-07T20:05:45.518+0000] {logging_mixin.py:190} INFO - Task hostname:a693d8a2436c operator:SqlSensor
[2024-12-07T20:05:45.555+0000] {local_task_job_runner.py:266} INFO - Task exited with return code 0
[2024-12-07T20:05:45.568+0000] {taskinstance.py:3895} INFO - 0 downstream tasks scheduled from follow-on schedule check
[2024-12-07T20:05:45.570+0000] {local_task_job_runner.py:245} INFO - ::endgroup::
