[2024-12-07T20:08:20.708+0000] {local_task_job_runner.py:123} INFO - ::group::Pre task execution logs
[2024-12-07T20:08:20.720+0000] {taskinstance.py:2613} INFO - Dependencies all met for dep_context=non-requeueable deps ti=<TaskInstance: medal_count_dag.create_table manual__2024-12-07T20:08:18.915930+00:00 [queued]>
[2024-12-07T20:08:20.728+0000] {taskinstance.py:2613} INFO - Dependencies all met for dep_context=requeueable deps ti=<TaskInstance: medal_count_dag.create_table manual__2024-12-07T20:08:18.915930+00:00 [queued]>
[2024-12-07T20:08:20.729+0000] {taskinstance.py:2866} INFO - Starting attempt 1 of 2
[2024-12-07T20:08:20.739+0000] {taskinstance.py:2889} INFO - Executing <Task(MySqlOperator): create_table> on 2024-12-07 20:08:18.915930+00:00
[2024-12-07T20:08:20.746+0000] {warnings.py:112} WARNING - /home/***/.local/lib/python3.12/site-packages/***/task/task_runner/standard_task_runner.py:70: DeprecationWarning: This process (pid=5626) is multi-threaded, use of fork() may lead to deadlocks in the child.
  pid = os.fork()

[2024-12-07T20:08:20.748+0000] {standard_task_runner.py:72} INFO - Started process 5628 to run task
[2024-12-07T20:08:20.748+0000] {standard_task_runner.py:104} INFO - Running: ['***', 'tasks', 'run', 'medal_count_dag', 'create_table', 'manual__2024-12-07T20:08:18.915930+00:00', '--job-id', '133', '--raw', '--subdir', 'DAGS_FOLDER/main.py', '--cfg-path', '/tmp/tmpbb4fcn1d']
[2024-12-07T20:08:20.749+0000] {standard_task_runner.py:105} INFO - Job 133: Subtask create_table
[2024-12-07T20:08:20.783+0000] {task_command.py:467} INFO - Running <TaskInstance: medal_count_dag.create_table manual__2024-12-07T20:08:18.915930+00:00 [running]> on host a693d8a2436c
[2024-12-07T20:08:21.018+0000] {taskinstance.py:3132} INFO - Exporting env vars: AIRFLOW_CTX_DAG_OWNER='***' AIRFLOW_CTX_DAG_ID='medal_count_dag' AIRFLOW_CTX_TASK_ID='create_table' AIRFLOW_CTX_EXECUTION_DATE='2024-12-07T20:08:18.915930+00:00' AIRFLOW_CTX_TRY_NUMBER='1' AIRFLOW_CTX_DAG_RUN_ID='manual__2024-12-07T20:08:18.915930+00:00'
[2024-12-07T20:08:21.019+0000] {logging_mixin.py:190} INFO - Task instance is in running state
[2024-12-07T20:08:21.020+0000] {logging_mixin.py:190} INFO -  Previous state of the Task instance: queued
[2024-12-07T20:08:21.021+0000] {logging_mixin.py:190} INFO - Current task name:create_table state:running start_date:2024-12-07 20:08:20.720949+00:00
[2024-12-07T20:08:21.022+0000] {logging_mixin.py:190} INFO - Dag name:medal_count_dag and current dag run status:running
[2024-12-07T20:08:21.022+0000] {taskinstance.py:731} INFO - ::endgroup::
[2024-12-07T20:08:21.023+0000] {sql.py:278} INFO - Executing: 
CREATE TABLE IF NOT EXISTS medal_count_vvd (
    id SERIAL PRIMARY KEY,
    medal_type VARCHAR(50),
    count INTEGER,
    created_at TIMESTAMP
);
[2024-12-07T20:08:21.029+0000] {base.py:84} INFO - Retrieving connection 'goit_mysql_db_volodymyrdubrovskyi'
[2024-12-07T20:08:21.036+0000] {base.py:84} INFO - Retrieving connection 'goit_mysql_db_volodymyrdubrovskyi'
[2024-12-07T20:08:21.250+0000] {sql.py:544} INFO - Running statement: 
CREATE TABLE IF NOT EXISTS medal_count_vvd (
    id SERIAL PRIMARY KEY,
    medal_type VARCHAR(50),
    count INTEGER,
    created_at TIMESTAMP
);, parameters: None
[2024-12-07T20:08:21.293+0000] {sql.py:553} INFO - Rows affected: 0
[2024-12-07T20:08:21.343+0000] {taskinstance.py:340} INFO - ::group::Post task execution logs
[2024-12-07T20:08:21.344+0000] {taskinstance.py:352} INFO - Marking task as SUCCESS. dag_id=medal_count_dag, task_id=create_table, run_id=manual__2024-12-07T20:08:18.915930+00:00, execution_date=20241207T200818, start_date=20241207T200820, end_date=20241207T200821
[2024-12-07T20:08:21.352+0000] {logging_mixin.py:190} INFO - Task instance in success state
[2024-12-07T20:08:21.353+0000] {logging_mixin.py:190} INFO -  Previous state of the Task instance: running
[2024-12-07T20:08:21.353+0000] {logging_mixin.py:190} INFO - Dag name:medal_count_dag queued_at:2024-12-07 20:08:18.923481+00:00
[2024-12-07T20:08:21.354+0000] {logging_mixin.py:190} INFO - Task hostname:a693d8a2436c operator:MySqlOperator
[2024-12-07T20:08:21.366+0000] {local_task_job_runner.py:266} INFO - Task exited with return code 0
[2024-12-07T20:08:21.384+0000] {taskinstance.py:3895} INFO - 1 downstream tasks scheduled from follow-on schedule check
[2024-12-07T20:08:21.386+0000] {local_task_job_runner.py:245} INFO - ::endgroup::
