[2024-12-07T19:30:43.686+0000] {local_task_job_runner.py:123} INFO - ::group::Pre task execution logs
[2024-12-07T19:30:43.702+0000] {taskinstance.py:2613} INFO - Dependencies all met for dep_context=non-requeueable deps ti=<TaskInstance: medal_count_dag.calc_gold_task manual__2024-12-07T19:30:35.686694+00:00 [queued]>
[2024-12-07T19:30:43.709+0000] {taskinstance.py:2613} INFO - Dependencies all met for dep_context=requeueable deps ti=<TaskInstance: medal_count_dag.calc_gold_task manual__2024-12-07T19:30:35.686694+00:00 [queued]>
[2024-12-07T19:30:43.710+0000] {taskinstance.py:2866} INFO - Starting attempt 1 of 2
[2024-12-07T19:30:43.719+0000] {taskinstance.py:2889} INFO - Executing <Task(MySqlOperator): calc_gold_task> on 2024-12-07 19:30:35.686694+00:00
[2024-12-07T19:30:43.726+0000] {warnings.py:112} WARNING - /home/***/.local/lib/python3.12/site-packages/***/task/task_runner/standard_task_runner.py:70: DeprecationWarning: This process (pid=4748) is multi-threaded, use of fork() may lead to deadlocks in the child.
  pid = os.fork()

[2024-12-07T19:30:43.728+0000] {standard_task_runner.py:72} INFO - Started process 4750 to run task
[2024-12-07T19:30:43.728+0000] {standard_task_runner.py:104} INFO - Running: ['***', 'tasks', 'run', 'medal_count_dag', 'calc_gold_task', 'manual__2024-12-07T19:30:35.686694+00:00', '--job-id', '37', '--raw', '--subdir', 'DAGS_FOLDER/main.py', '--cfg-path', '/tmp/tmpzk6dsdmp']
[2024-12-07T19:30:43.730+0000] {standard_task_runner.py:105} INFO - Job 37: Subtask calc_gold_task
[2024-12-07T19:30:43.764+0000] {task_command.py:467} INFO - Running <TaskInstance: medal_count_dag.calc_gold_task manual__2024-12-07T19:30:35.686694+00:00 [running]> on host a693d8a2436c
[2024-12-07T19:30:43.966+0000] {taskinstance.py:3132} INFO - Exporting env vars: AIRFLOW_CTX_DAG_OWNER='***' AIRFLOW_CTX_DAG_ID='medal_count_dag' AIRFLOW_CTX_TASK_ID='calc_gold_task' AIRFLOW_CTX_EXECUTION_DATE='2024-12-07T19:30:35.686694+00:00' AIRFLOW_CTX_TRY_NUMBER='1' AIRFLOW_CTX_DAG_RUN_ID='manual__2024-12-07T19:30:35.686694+00:00'
[2024-12-07T19:30:43.968+0000] {logging_mixin.py:190} INFO - Task instance is in running state
[2024-12-07T19:30:43.969+0000] {logging_mixin.py:190} INFO -  Previous state of the Task instance: queued
[2024-12-07T19:30:43.969+0000] {logging_mixin.py:190} INFO - Current task name:calc_gold_task state:running start_date:2024-12-07 19:30:43.703142+00:00
[2024-12-07T19:30:43.971+0000] {logging_mixin.py:190} INFO - Dag name:medal_count_dag and current dag run status:running
[2024-12-07T19:30:43.971+0000] {taskinstance.py:731} INFO - ::endgroup::
[2024-12-07T19:30:43.972+0000] {sql.py:278} INFO - Executing: 
INSERT INTO medal_count_vvd (medal_type, count, created_at)
VALUES ('Gold', (SELECT COUNT(*) FROM olympic_dataset.athlete_event_results WHERE medal = 'Gold'), NOW());
[2024-12-07T19:30:43.978+0000] {base.py:84} INFO - Retrieving connection 'goit_mysql_db_volodymyrdubrovskyi'
[2024-12-07T19:30:43.984+0000] {base.py:84} INFO - Retrieving connection 'goit_mysql_db_volodymyrdubrovskyi'
[2024-12-07T19:30:44.211+0000] {sql.py:544} INFO - Running statement: 
INSERT INTO medal_count_vvd (medal_type, count, created_at)
VALUES ('Gold', (SELECT COUNT(*) FROM olympic_dataset.athlete_event_results WHERE medal = 'Gold'), NOW());, parameters: None
[2024-12-07T19:30:44.636+0000] {sql.py:553} INFO - Rows affected: 1
[2024-12-07T19:30:44.691+0000] {taskinstance.py:340} INFO - ::group::Post task execution logs
[2024-12-07T19:30:44.692+0000] {taskinstance.py:352} INFO - Marking task as SUCCESS. dag_id=medal_count_dag, task_id=calc_gold_task, run_id=manual__2024-12-07T19:30:35.686694+00:00, execution_date=20241207T193035, start_date=20241207T193043, end_date=20241207T193044
[2024-12-07T19:30:44.700+0000] {logging_mixin.py:190} INFO - Task instance in success state
[2024-12-07T19:30:44.701+0000] {logging_mixin.py:190} INFO -  Previous state of the Task instance: running
[2024-12-07T19:30:44.702+0000] {logging_mixin.py:190} INFO - Dag name:medal_count_dag queued_at:2024-12-07 19:30:35.692772+00:00
[2024-12-07T19:30:44.703+0000] {logging_mixin.py:190} INFO - Task hostname:a693d8a2436c operator:MySqlOperator
[2024-12-07T19:30:44.749+0000] {local_task_job_runner.py:266} INFO - Task exited with return code 0
[2024-12-07T19:30:44.767+0000] {taskinstance.py:3895} INFO - 0 downstream tasks scheduled from follow-on schedule check
[2024-12-07T19:30:44.771+0000] {local_task_job_runner.py:245} INFO - ::endgroup::
