[2024-12-07T20:05:17.433+0000] {local_task_job_runner.py:123} INFO - ::group::Pre task execution logs
[2024-12-07T20:05:17.447+0000] {taskinstance.py:2613} INFO - Dependencies all met for dep_context=non-requeueable deps ti=<TaskInstance: medal_count_dag.check_recent_record manual__2024-12-07T19:28:12.851252+00:00 [queued]>
[2024-12-07T20:05:17.455+0000] {taskinstance.py:2613} INFO - Dependencies all met for dep_context=requeueable deps ti=<TaskInstance: medal_count_dag.check_recent_record manual__2024-12-07T19:28:12.851252+00:00 [queued]>
[2024-12-07T20:05:17.456+0000] {taskinstance.py:2866} INFO - Starting attempt 1 of 2
[2024-12-07T20:05:17.467+0000] {taskinstance.py:2889} INFO - Executing <Task(SqlSensor): check_recent_record> on 2024-12-07 19:28:12.851252+00:00
[2024-12-07T20:05:17.475+0000] {warnings.py:112} WARNING - /home/***/.local/lib/python3.12/site-packages/***/task/task_runner/standard_task_runner.py:70: DeprecationWarning: This process (pid=5538) is multi-threaded, use of fork() may lead to deadlocks in the child.
  pid = os.fork()

[2024-12-07T20:05:17.477+0000] {standard_task_runner.py:72} INFO - Started process 5540 to run task
[2024-12-07T20:05:17.477+0000] {standard_task_runner.py:104} INFO - Running: ['***', 'tasks', 'run', 'medal_count_dag', 'check_recent_record', 'manual__2024-12-07T19:28:12.851252+00:00', '--job-id', '120', '--raw', '--subdir', 'DAGS_FOLDER/main.py', '--cfg-path', '/tmp/tmp70laz3zl']
[2024-12-07T20:05:17.478+0000] {standard_task_runner.py:105} INFO - Job 120: Subtask check_recent_record
[2024-12-07T20:05:17.521+0000] {task_command.py:467} INFO - Running <TaskInstance: medal_count_dag.check_recent_record manual__2024-12-07T19:28:12.851252+00:00 [running]> on host a693d8a2436c
[2024-12-07T20:05:17.751+0000] {taskinstance.py:3132} INFO - Exporting env vars: AIRFLOW_CTX_DAG_OWNER='***' AIRFLOW_CTX_DAG_ID='medal_count_dag' AIRFLOW_CTX_TASK_ID='check_recent_record' AIRFLOW_CTX_EXECUTION_DATE='2024-12-07T19:28:12.851252+00:00' AIRFLOW_CTX_TRY_NUMBER='1' AIRFLOW_CTX_DAG_RUN_ID='manual__2024-12-07T19:28:12.851252+00:00'
[2024-12-07T20:05:17.753+0000] {logging_mixin.py:190} INFO - Task instance is in running state
[2024-12-07T20:05:17.753+0000] {logging_mixin.py:190} INFO -  Previous state of the Task instance: queued
[2024-12-07T20:05:17.754+0000] {logging_mixin.py:190} INFO - Current task name:check_recent_record state:running start_date:2024-12-07 20:05:17.449058+00:00
[2024-12-07T20:05:17.754+0000] {logging_mixin.py:190} INFO - Dag name:medal_count_dag and current dag run status:running
[2024-12-07T20:05:17.755+0000] {taskinstance.py:731} INFO - ::endgroup::
[2024-12-07T20:05:17.762+0000] {base.py:84} INFO - Retrieving connection 'goit_mysql_db_volodymyrdubrovskyi'
[2024-12-07T20:05:17.764+0000] {sql.py:101} INFO - Poking: 
    SELECT COUNT(*) 
    FROM medal_count_vvd 
    WHERE created_at >= NOW() - INTERVAL 30 SECOND;
     (with parameters None)
[2024-12-07T20:05:17.770+0000] {base.py:84} INFO - Retrieving connection 'goit_mysql_db_volodymyrdubrovskyi'
[2024-12-07T20:05:17.983+0000] {sql.py:544} INFO - Running statement: 
    SELECT COUNT(*) 
    FROM medal_count_vvd 
    WHERE created_at >= NOW() - INTERVAL 30 SECOND;
    , parameters: None
[2024-12-07T20:05:18.026+0000] {sql.py:553} INFO - Rows affected: 1
[2024-12-07T20:05:18.069+0000] {base.py:336} INFO - Success criteria met. Exiting.
[2024-12-07T20:05:18.077+0000] {taskinstance.py:340} INFO - ::group::Post task execution logs
[2024-12-07T20:05:18.078+0000] {taskinstance.py:352} INFO - Marking task as SUCCESS. dag_id=medal_count_dag, task_id=check_recent_record, run_id=manual__2024-12-07T19:28:12.851252+00:00, execution_date=20241207T192812, start_date=20241207T200517, end_date=20241207T200518
[2024-12-07T20:05:18.087+0000] {logging_mixin.py:190} INFO - Task instance in success state
[2024-12-07T20:05:18.087+0000] {logging_mixin.py:190} INFO -  Previous state of the Task instance: running
[2024-12-07T20:05:18.088+0000] {logging_mixin.py:190} INFO - Dag name:medal_count_dag queued_at:2024-12-07 20:04:59.080143+00:00
[2024-12-07T20:05:18.089+0000] {logging_mixin.py:190} INFO - Task hostname:a693d8a2436c operator:SqlSensor
[2024-12-07T20:05:18.136+0000] {local_task_job_runner.py:266} INFO - Task exited with return code 0
[2024-12-07T20:05:18.149+0000] {taskinstance.py:3895} INFO - 0 downstream tasks scheduled from follow-on schedule check
[2024-12-07T20:05:18.152+0000] {local_task_job_runner.py:245} INFO - ::endgroup::
