[2024-12-07T19:59:21.571+0000] {local_task_job_runner.py:123} INFO - ::group::Pre task execution logs
[2024-12-07T19:59:21.597+0000] {taskinstance.py:2613} INFO - Dependencies all met for dep_context=non-requeueable deps ti=<TaskInstance: medal_count_dag.check_recent_record manual__2024-12-07T19:11:06.363937+00:00 [queued]>
[2024-12-07T19:59:21.611+0000] {taskinstance.py:2613} INFO - Dependencies all met for dep_context=requeueable deps ti=<TaskInstance: medal_count_dag.check_recent_record manual__2024-12-07T19:11:06.363937+00:00 [queued]>
[2024-12-07T19:59:21.612+0000] {taskinstance.py:2866} INFO - Starting attempt 1 of 2
[2024-12-07T19:59:21.631+0000] {taskinstance.py:2889} INFO - Executing <Task(SqlSensor): check_recent_record> on 2024-12-07 19:11:06.363937+00:00
[2024-12-07T19:59:21.641+0000] {warnings.py:112} WARNING - /home/***/.local/lib/python3.12/site-packages/***/task/task_runner/standard_task_runner.py:70: DeprecationWarning: This process (pid=5364) is multi-threaded, use of fork() may lead to deadlocks in the child.
  pid = os.fork()

[2024-12-07T19:59:21.643+0000] {standard_task_runner.py:72} INFO - Started process 5366 to run task
[2024-12-07T19:59:21.643+0000] {standard_task_runner.py:104} INFO - Running: ['***', 'tasks', 'run', 'medal_count_dag', 'check_recent_record', 'manual__2024-12-07T19:11:06.363937+00:00', '--job-id', '96', '--raw', '--subdir', 'DAGS_FOLDER/main.py', '--cfg-path', '/tmp/tmplvk_aws4']
[2024-12-07T19:59:21.645+0000] {standard_task_runner.py:105} INFO - Job 96: Subtask check_recent_record
[2024-12-07T19:59:21.709+0000] {task_command.py:467} INFO - Running <TaskInstance: medal_count_dag.check_recent_record manual__2024-12-07T19:11:06.363937+00:00 [running]> on host a693d8a2436c
[2024-12-07T19:59:22.127+0000] {taskinstance.py:3132} INFO - Exporting env vars: AIRFLOW_CTX_DAG_OWNER='***' AIRFLOW_CTX_DAG_ID='medal_count_dag' AIRFLOW_CTX_TASK_ID='check_recent_record' AIRFLOW_CTX_EXECUTION_DATE='2024-12-07T19:11:06.363937+00:00' AIRFLOW_CTX_TRY_NUMBER='1' AIRFLOW_CTX_DAG_RUN_ID='manual__2024-12-07T19:11:06.363937+00:00'
[2024-12-07T19:59:22.129+0000] {logging_mixin.py:190} INFO - Task instance is in running state
[2024-12-07T19:59:22.130+0000] {logging_mixin.py:190} INFO -  Previous state of the Task instance: queued
[2024-12-07T19:59:22.130+0000] {logging_mixin.py:190} INFO - Current task name:check_recent_record state:running start_date:2024-12-07 19:59:21.598876+00:00
[2024-12-07T19:59:22.131+0000] {logging_mixin.py:190} INFO - Dag name:medal_count_dag and current dag run status:running
[2024-12-07T19:59:22.132+0000] {taskinstance.py:731} INFO - ::endgroup::
[2024-12-07T19:59:22.146+0000] {base.py:84} INFO - Retrieving connection 'goit_mysql_db_volodymyrdubrovskyi'
[2024-12-07T19:59:22.150+0000] {sql.py:101} INFO - Poking: 
    SELECT COUNT(*) 
    FROM medal_count_vvd 
    WHERE created_at >= NOW() - INTERVAL 30 SECOND;
     (with parameters None)
[2024-12-07T19:59:22.161+0000] {base.py:84} INFO - Retrieving connection 'goit_mysql_db_volodymyrdubrovskyi'
[2024-12-07T19:59:22.391+0000] {sql.py:544} INFO - Running statement: 
    SELECT COUNT(*) 
    FROM medal_count_vvd 
    WHERE created_at >= NOW() - INTERVAL 30 SECOND;
    , parameters: None
[2024-12-07T19:59:22.437+0000] {sql.py:553} INFO - Rows affected: 1
[2024-12-07T19:59:22.482+0000] {base.py:336} INFO - Success criteria met. Exiting.
[2024-12-07T19:59:22.493+0000] {taskinstance.py:340} INFO - ::group::Post task execution logs
[2024-12-07T19:59:22.495+0000] {taskinstance.py:352} INFO - Marking task as SUCCESS. dag_id=medal_count_dag, task_id=check_recent_record, run_id=manual__2024-12-07T19:11:06.363937+00:00, execution_date=20241207T191106, start_date=20241207T195921, end_date=20241207T195922
[2024-12-07T19:59:22.507+0000] {logging_mixin.py:190} INFO - Task instance in success state
[2024-12-07T19:59:22.508+0000] {logging_mixin.py:190} INFO -  Previous state of the Task instance: running
[2024-12-07T19:59:22.509+0000] {logging_mixin.py:190} INFO - Dag name:medal_count_dag queued_at:2024-12-07 19:59:01.867964+00:00
[2024-12-07T19:59:22.509+0000] {logging_mixin.py:190} INFO - Task hostname:a693d8a2436c operator:SqlSensor
[2024-12-07T19:59:22.544+0000] {local_task_job_runner.py:266} INFO - Task exited with return code 0
[2024-12-07T19:59:22.566+0000] {taskinstance.py:3895} INFO - 0 downstream tasks scheduled from follow-on schedule check
[2024-12-07T19:59:22.569+0000] {local_task_job_runner.py:245} INFO - ::endgroup::
