[2024-12-07T19:39:41.123+0000] {local_task_job_runner.py:123} INFO - ::group::Pre task execution logs
[2024-12-07T19:39:41.145+0000] {taskinstance.py:2613} INFO - Dependencies all met for dep_context=non-requeueable deps ti=<TaskInstance: medal_count_dag.pick_medal manual__2024-12-07T19:39:36.709634+00:00 [queued]>
[2024-12-07T19:39:41.153+0000] {taskinstance.py:2613} INFO - Dependencies all met for dep_context=requeueable deps ti=<TaskInstance: medal_count_dag.pick_medal manual__2024-12-07T19:39:36.709634+00:00 [queued]>
[2024-12-07T19:39:41.155+0000] {taskinstance.py:2866} INFO - Starting attempt 1 of 2
[2024-12-07T19:39:41.168+0000] {taskinstance.py:2889} INFO - Executing <Task(PythonOperator): pick_medal> on 2024-12-07 19:39:36.709634+00:00
[2024-12-07T19:39:41.175+0000] {warnings.py:112} WARNING - /home/***/.local/lib/python3.12/site-packages/***/task/task_runner/standard_task_runner.py:70: DeprecationWarning: This process (pid=4891) is multi-threaded, use of fork() may lead to deadlocks in the child.
  pid = os.fork()

[2024-12-07T19:39:41.176+0000] {standard_task_runner.py:72} INFO - Started process 4893 to run task
[2024-12-07T19:39:41.177+0000] {standard_task_runner.py:104} INFO - Running: ['***', 'tasks', 'run', 'medal_count_dag', 'pick_medal', 'manual__2024-12-07T19:39:36.709634+00:00', '--job-id', '43', '--raw', '--subdir', 'DAGS_FOLDER/main.py', '--cfg-path', '/tmp/tmp7_x034_f']
[2024-12-07T19:39:41.178+0000] {standard_task_runner.py:105} INFO - Job 43: Subtask pick_medal
[2024-12-07T19:39:41.216+0000] {task_command.py:467} INFO - Running <TaskInstance: medal_count_dag.pick_medal manual__2024-12-07T19:39:36.709634+00:00 [running]> on host a693d8a2436c
[2024-12-07T19:39:41.452+0000] {taskinstance.py:3132} INFO - Exporting env vars: AIRFLOW_CTX_DAG_OWNER='***' AIRFLOW_CTX_DAG_ID='medal_count_dag' AIRFLOW_CTX_TASK_ID='pick_medal' AIRFLOW_CTX_EXECUTION_DATE='2024-12-07T19:39:36.709634+00:00' AIRFLOW_CTX_TRY_NUMBER='1' AIRFLOW_CTX_DAG_RUN_ID='manual__2024-12-07T19:39:36.709634+00:00'
[2024-12-07T19:39:41.453+0000] {logging_mixin.py:190} INFO - Task instance is in running state
[2024-12-07T19:39:41.455+0000] {logging_mixin.py:190} INFO -  Previous state of the Task instance: queued
[2024-12-07T19:39:41.456+0000] {logging_mixin.py:190} INFO - Current task name:pick_medal state:running start_date:2024-12-07 19:39:41.146361+00:00
[2024-12-07T19:39:41.457+0000] {logging_mixin.py:190} INFO - Dag name:medal_count_dag and current dag run status:running
[2024-12-07T19:39:41.458+0000] {taskinstance.py:731} INFO - ::endgroup::
[2024-12-07T19:39:41.470+0000] {python.py:240} INFO - Done. Returned value was: Bronze
[2024-12-07T19:39:41.487+0000] {taskinstance.py:340} INFO - ::group::Post task execution logs
[2024-12-07T19:39:41.488+0000] {taskinstance.py:352} INFO - Marking task as SUCCESS. dag_id=medal_count_dag, task_id=pick_medal, run_id=manual__2024-12-07T19:39:36.709634+00:00, execution_date=20241207T193936, start_date=20241207T193941, end_date=20241207T193941
[2024-12-07T19:39:41.497+0000] {logging_mixin.py:190} INFO - Task instance in success state
[2024-12-07T19:39:41.498+0000] {logging_mixin.py:190} INFO -  Previous state of the Task instance: running
[2024-12-07T19:39:41.498+0000] {logging_mixin.py:190} INFO - Dag name:medal_count_dag queued_at:2024-12-07 19:39:36.720879+00:00
[2024-12-07T19:39:41.499+0000] {logging_mixin.py:190} INFO - Task hostname:a693d8a2436c operator:PythonOperator
[2024-12-07T19:39:41.513+0000] {local_task_job_runner.py:266} INFO - Task exited with return code 0
[2024-12-07T19:39:41.535+0000] {taskinstance.py:3895} INFO - 1 downstream tasks scheduled from follow-on schedule check
[2024-12-07T19:39:41.539+0000] {local_task_job_runner.py:245} INFO - ::endgroup::
