[2024-12-07T20:04:12.993+0000] {local_task_job_runner.py:123} INFO - ::group::Pre task execution logs
[2024-12-07T20:04:13.007+0000] {taskinstance.py:2613} INFO - Dependencies all met for dep_context=non-requeueable deps ti=<TaskInstance: medal_count_dag.pick_medal manual__2024-12-07T19:21:19.144510+00:00 [queued]>
[2024-12-07T20:04:13.014+0000] {taskinstance.py:2613} INFO - Dependencies all met for dep_context=requeueable deps ti=<TaskInstance: medal_count_dag.pick_medal manual__2024-12-07T19:21:19.144510+00:00 [queued]>
[2024-12-07T20:04:13.015+0000] {taskinstance.py:2866} INFO - Starting attempt 2 of 3
[2024-12-07T20:04:13.027+0000] {taskinstance.py:2889} INFO - Executing <Task(PythonOperator): pick_medal> on 2024-12-07 19:21:19.144510+00:00
[2024-12-07T20:04:13.035+0000] {warnings.py:112} WARNING - /home/***/.local/lib/python3.12/site-packages/***/task/task_runner/standard_task_runner.py:70: DeprecationWarning: This process (pid=5483) is multi-threaded, use of fork() may lead to deadlocks in the child.
  pid = os.fork()

[2024-12-07T20:04:13.037+0000] {standard_task_runner.py:104} INFO - Running: ['***', 'tasks', 'run', 'medal_count_dag', 'pick_medal', 'manual__2024-12-07T19:21:19.144510+00:00', '--job-id', '110', '--raw', '--subdir', 'DAGS_FOLDER/main.py', '--cfg-path', '/tmp/tmpwa5ckl4i']
[2024-12-07T20:04:13.037+0000] {standard_task_runner.py:72} INFO - Started process 5485 to run task
[2024-12-07T20:04:13.038+0000] {standard_task_runner.py:105} INFO - Job 110: Subtask pick_medal
[2024-12-07T20:04:13.078+0000] {task_command.py:467} INFO - Running <TaskInstance: medal_count_dag.pick_medal manual__2024-12-07T19:21:19.144510+00:00 [running]> on host a693d8a2436c
[2024-12-07T20:04:13.310+0000] {taskinstance.py:3132} INFO - Exporting env vars: AIRFLOW_CTX_DAG_OWNER='***' AIRFLOW_CTX_DAG_ID='medal_count_dag' AIRFLOW_CTX_TASK_ID='pick_medal' AIRFLOW_CTX_EXECUTION_DATE='2024-12-07T19:21:19.144510+00:00' AIRFLOW_CTX_TRY_NUMBER='2' AIRFLOW_CTX_DAG_RUN_ID='manual__2024-12-07T19:21:19.144510+00:00'
[2024-12-07T20:04:13.311+0000] {logging_mixin.py:190} INFO - Task instance is in running state
[2024-12-07T20:04:13.312+0000] {logging_mixin.py:190} INFO -  Previous state of the Task instance: queued
[2024-12-07T20:04:13.313+0000] {logging_mixin.py:190} INFO - Current task name:pick_medal state:running start_date:2024-12-07 20:04:13.007899+00:00
[2024-12-07T20:04:13.314+0000] {logging_mixin.py:190} INFO - Dag name:medal_count_dag and current dag run status:running
[2024-12-07T20:04:13.315+0000] {taskinstance.py:731} INFO - ::endgroup::
[2024-12-07T20:04:13.326+0000] {python.py:240} INFO - Done. Returned value was: Silver
[2024-12-07T20:04:13.341+0000] {taskinstance.py:340} INFO - ::group::Post task execution logs
[2024-12-07T20:04:13.343+0000] {taskinstance.py:352} INFO - Marking task as SUCCESS. dag_id=medal_count_dag, task_id=pick_medal, run_id=manual__2024-12-07T19:21:19.144510+00:00, execution_date=20241207T192119, start_date=20241207T200413, end_date=20241207T200413
[2024-12-07T20:04:13.350+0000] {logging_mixin.py:190} INFO - Task instance in success state
[2024-12-07T20:04:13.351+0000] {logging_mixin.py:190} INFO -  Previous state of the Task instance: running
[2024-12-07T20:04:13.352+0000] {logging_mixin.py:190} INFO - Dag name:medal_count_dag queued_at:2024-12-07 20:04:09.285946+00:00
[2024-12-07T20:04:13.353+0000] {logging_mixin.py:190} INFO - Task hostname:a693d8a2436c operator:PythonOperator
[2024-12-07T20:04:13.374+0000] {local_task_job_runner.py:266} INFO - Task exited with return code 0
[2024-12-07T20:04:13.394+0000] {taskinstance.py:3895} INFO - 1 downstream tasks scheduled from follow-on schedule check
[2024-12-07T20:04:13.397+0000] {local_task_job_runner.py:245} INFO - ::endgroup::
