[2024-12-07T19:21:25.026+0000] {local_task_job_runner.py:123} INFO - ::group::Pre task execution logs
[2024-12-07T19:21:25.039+0000] {taskinstance.py:2613} INFO - Dependencies all met for dep_context=non-requeueable deps ti=<TaskInstance: medal_count_dag.pick_medal_task manual__2024-12-07T19:21:19.144510+00:00 [queued]>
[2024-12-07T19:21:25.046+0000] {taskinstance.py:2613} INFO - Dependencies all met for dep_context=requeueable deps ti=<TaskInstance: medal_count_dag.pick_medal_task manual__2024-12-07T19:21:19.144510+00:00 [queued]>
[2024-12-07T19:21:25.047+0000] {taskinstance.py:2866} INFO - Starting attempt 1 of 2
[2024-12-07T19:21:25.058+0000] {taskinstance.py:2889} INFO - Executing <Task(BranchPythonOperator): pick_medal_task> on 2024-12-07 19:21:19.144510+00:00
[2024-12-07T19:21:25.065+0000] {warnings.py:112} WARNING - /home/***/.local/lib/python3.12/site-packages/***/task/task_runner/standard_task_runner.py:70: DeprecationWarning: This process (pid=4578) is multi-threaded, use of fork() may lead to deadlocks in the child.
  pid = os.fork()

[2024-12-07T19:21:25.067+0000] {standard_task_runner.py:72} INFO - Started process 4580 to run task
[2024-12-07T19:21:25.066+0000] {standard_task_runner.py:104} INFO - Running: ['***', 'tasks', 'run', 'medal_count_dag', 'pick_medal_task', 'manual__2024-12-07T19:21:19.144510+00:00', '--job-id', '26', '--raw', '--subdir', 'DAGS_FOLDER/main.py', '--cfg-path', '/tmp/tmpxum8al9m']
[2024-12-07T19:21:25.069+0000] {standard_task_runner.py:105} INFO - Job 26: Subtask pick_medal_task
[2024-12-07T19:21:25.105+0000] {task_command.py:467} INFO - Running <TaskInstance: medal_count_dag.pick_medal_task manual__2024-12-07T19:21:19.144510+00:00 [running]> on host a693d8a2436c
[2024-12-07T19:21:25.345+0000] {taskinstance.py:3132} INFO - Exporting env vars: AIRFLOW_CTX_DAG_OWNER='***' AIRFLOW_CTX_DAG_ID='medal_count_dag' AIRFLOW_CTX_TASK_ID='pick_medal_task' AIRFLOW_CTX_EXECUTION_DATE='2024-12-07T19:21:19.144510+00:00' AIRFLOW_CTX_TRY_NUMBER='1' AIRFLOW_CTX_DAG_RUN_ID='manual__2024-12-07T19:21:19.144510+00:00'
[2024-12-07T19:21:25.346+0000] {logging_mixin.py:190} INFO - Task instance is in running state
[2024-12-07T19:21:25.347+0000] {logging_mixin.py:190} INFO -  Previous state of the Task instance: queued
[2024-12-07T19:21:25.348+0000] {logging_mixin.py:190} INFO - Current task name:pick_medal_task state:running start_date:2024-12-07 19:21:25.040288+00:00
[2024-12-07T19:21:25.349+0000] {logging_mixin.py:190} INFO - Dag name:medal_count_dag and current dag run status:running
[2024-12-07T19:21:25.350+0000] {taskinstance.py:731} INFO - ::endgroup::
[2024-12-07T19:21:25.351+0000] {baseoperator.py:416} WARNING - BranchPythonOperator.execute cannot be called outside TaskInstance!
[2024-12-07T19:21:25.359+0000] {python.py:240} INFO - Done. Returned value was: calc_bronze_task
[2024-12-07T19:21:25.360+0000] {branch.py:38} INFO - Branch into calc_bronze_task
[2024-12-07T19:21:25.360+0000] {skipmixin.py:230} INFO - Following branch ('calc_bronze_task',)
[2024-12-07T19:21:25.369+0000] {skipmixin.py:278} INFO - Skipping tasks [('calc_gold_task', -1), ('calc_silver_task', -1)]
[2024-12-07T19:21:25.392+0000] {taskinstance.py:340} INFO - ::group::Post task execution logs
[2024-12-07T19:21:25.393+0000] {taskinstance.py:352} INFO - Marking task as SUCCESS. dag_id=medal_count_dag, task_id=pick_medal_task, run_id=manual__2024-12-07T19:21:19.144510+00:00, execution_date=20241207T192119, start_date=20241207T192125, end_date=20241207T192125
[2024-12-07T19:21:25.401+0000] {logging_mixin.py:190} INFO - Task instance in success state
[2024-12-07T19:21:25.401+0000] {logging_mixin.py:190} INFO -  Previous state of the Task instance: running
[2024-12-07T19:21:25.402+0000] {logging_mixin.py:190} INFO - Dag name:medal_count_dag queued_at:2024-12-07 19:21:19.151907+00:00
[2024-12-07T19:21:25.403+0000] {logging_mixin.py:190} INFO - Task hostname:a693d8a2436c operator:BranchPythonOperator
[2024-12-07T19:21:25.444+0000] {local_task_job_runner.py:266} INFO - Task exited with return code 0
[2024-12-07T19:21:25.469+0000] {taskinstance.py:3895} INFO - 1 downstream tasks scheduled from follow-on schedule check
[2024-12-07T19:21:25.474+0000] {local_task_job_runner.py:245} INFO - ::endgroup::
