[2024-12-07T19:58:18.960+0000] {local_task_job_runner.py:123} INFO - ::group::Pre task execution logs
[2024-12-07T19:58:18.976+0000] {taskinstance.py:2613} INFO - Dependencies all met for dep_context=non-requeueable deps ti=<TaskInstance: medal_count_dag.calc_bronze_task manual__2024-12-07T19:04:12.622848+00:00 [queued]>
[2024-12-07T19:58:18.984+0000] {taskinstance.py:2613} INFO - Dependencies all met for dep_context=requeueable deps ti=<TaskInstance: medal_count_dag.calc_bronze_task manual__2024-12-07T19:04:12.622848+00:00 [queued]>
[2024-12-07T19:58:18.985+0000] {taskinstance.py:2866} INFO - Starting attempt 1 of 2
[2024-12-07T19:58:18.997+0000] {taskinstance.py:2889} INFO - Executing <Task(MySqlOperator): calc_bronze_task> on 2024-12-07 19:04:12.622848+00:00
[2024-12-07T19:58:19.005+0000] {warnings.py:112} WARNING - /home/***/.local/lib/python3.12/site-packages/***/task/task_runner/standard_task_runner.py:70: DeprecationWarning: This process (pid=5318) is multi-threaded, use of fork() may lead to deadlocks in the child.
  pid = os.fork()

[2024-12-07T19:58:19.006+0000] {standard_task_runner.py:72} INFO - Started process 5320 to run task
[2024-12-07T19:58:19.006+0000] {standard_task_runner.py:104} INFO - Running: ['***', 'tasks', 'run', 'medal_count_dag', 'calc_bronze_task', 'manual__2024-12-07T19:04:12.622848+00:00', '--job-id', '88', '--raw', '--subdir', 'DAGS_FOLDER/main.py', '--cfg-path', '/tmp/tmpgc7aefut']
[2024-12-07T19:58:19.008+0000] {standard_task_runner.py:105} INFO - Job 88: Subtask calc_bronze_task
[2024-12-07T19:58:19.046+0000] {task_command.py:467} INFO - Running <TaskInstance: medal_count_dag.calc_bronze_task manual__2024-12-07T19:04:12.622848+00:00 [running]> on host a693d8a2436c
[2024-12-07T19:58:19.290+0000] {taskinstance.py:3132} INFO - Exporting env vars: AIRFLOW_CTX_DAG_OWNER='***' AIRFLOW_CTX_DAG_ID='medal_count_dag' AIRFLOW_CTX_TASK_ID='calc_bronze_task' AIRFLOW_CTX_EXECUTION_DATE='2024-12-07T19:04:12.622848+00:00' AIRFLOW_CTX_TRY_NUMBER='1' AIRFLOW_CTX_DAG_RUN_ID='manual__2024-12-07T19:04:12.622848+00:00'
[2024-12-07T19:58:19.291+0000] {logging_mixin.py:190} INFO - Task instance is in running state
[2024-12-07T19:58:19.292+0000] {logging_mixin.py:190} INFO -  Previous state of the Task instance: queued
[2024-12-07T19:58:19.292+0000] {logging_mixin.py:190} INFO - Current task name:calc_bronze_task state:running start_date:2024-12-07 19:58:18.976992+00:00
[2024-12-07T19:58:19.293+0000] {logging_mixin.py:190} INFO - Dag name:medal_count_dag and current dag run status:running
[2024-12-07T19:58:19.293+0000] {taskinstance.py:731} INFO - ::endgroup::
[2024-12-07T19:58:19.294+0000] {sql.py:278} INFO - Executing: 
INSERT INTO medal_count_vvd (medal_type, count, created_at)
VALUES ('Bronze', (SELECT COUNT(*) FROM olympic_dataset.athlete_event_results WHERE medal = 'Bronze'), NOW());
[2024-12-07T19:58:19.300+0000] {base.py:84} INFO - Retrieving connection 'goit_mysql_db_volodymyrdubrovskyi'
[2024-12-07T19:58:19.307+0000] {base.py:84} INFO - Retrieving connection 'goit_mysql_db_volodymyrdubrovskyi'
[2024-12-07T19:58:19.523+0000] {sql.py:544} INFO - Running statement: 
INSERT INTO medal_count_vvd (medal_type, count, created_at)
VALUES ('Bronze', (SELECT COUNT(*) FROM olympic_dataset.athlete_event_results WHERE medal = 'Bronze'), NOW());, parameters: None
[2024-12-07T19:58:19.922+0000] {sql.py:553} INFO - Rows affected: 1
[2024-12-07T19:58:19.981+0000] {taskinstance.py:340} INFO - ::group::Post task execution logs
[2024-12-07T19:58:19.982+0000] {taskinstance.py:352} INFO - Marking task as SUCCESS. dag_id=medal_count_dag, task_id=calc_bronze_task, run_id=manual__2024-12-07T19:04:12.622848+00:00, execution_date=20241207T190412, start_date=20241207T195818, end_date=20241207T195819
[2024-12-07T19:58:19.994+0000] {logging_mixin.py:190} INFO - Task instance in success state
[2024-12-07T19:58:19.995+0000] {logging_mixin.py:190} INFO -  Previous state of the Task instance: running
[2024-12-07T19:58:19.996+0000] {logging_mixin.py:190} INFO - Dag name:medal_count_dag queued_at:2024-12-07 19:58:10.508164+00:00
[2024-12-07T19:58:19.996+0000] {logging_mixin.py:190} INFO - Task hostname:a693d8a2436c operator:MySqlOperator
[2024-12-07T19:58:20.027+0000] {local_task_job_runner.py:266} INFO - Task exited with return code 0
[2024-12-07T19:58:20.049+0000] {taskinstance.py:3895} INFO - 1 downstream tasks scheduled from follow-on schedule check
[2024-12-07T19:58:20.051+0000] {local_task_job_runner.py:245} INFO - ::endgroup::
