[2024-12-07T19:39:38.816+0000] {local_task_job_runner.py:123} INFO - ::group::Pre task execution logs
[2024-12-07T19:39:38.828+0000] {taskinstance.py:2613} INFO - Dependencies all met for dep_context=non-requeueable deps ti=<TaskInstance: medal_count_dag.create_table manual__2024-12-07T19:39:36.709634+00:00 [queued]>
[2024-12-07T19:39:38.834+0000] {taskinstance.py:2613} INFO - Dependencies all met for dep_context=requeueable deps ti=<TaskInstance: medal_count_dag.create_table manual__2024-12-07T19:39:36.709634+00:00 [queued]>
[2024-12-07T19:39:38.835+0000] {taskinstance.py:2866} INFO - Starting attempt 1 of 2
[2024-12-07T19:39:38.847+0000] {taskinstance.py:2889} INFO - Executing <Task(MySqlOperator): create_table> on 2024-12-07 19:39:36.709634+00:00
[2024-12-07T19:39:38.854+0000] {warnings.py:112} WARNING - /home/***/.local/lib/python3.12/site-packages/***/task/task_runner/standard_task_runner.py:70: DeprecationWarning: This process (pid=4887) is multi-threaded, use of fork() may lead to deadlocks in the child.
  pid = os.fork()

[2024-12-07T19:39:38.855+0000] {standard_task_runner.py:104} INFO - Running: ['***', 'tasks', 'run', 'medal_count_dag', 'create_table', 'manual__2024-12-07T19:39:36.709634+00:00', '--job-id', '42', '--raw', '--subdir', 'DAGS_FOLDER/main.py', '--cfg-path', '/tmp/tmpme1bysvc']
[2024-12-07T19:39:38.856+0000] {standard_task_runner.py:72} INFO - Started process 4889 to run task
[2024-12-07T19:39:38.857+0000] {standard_task_runner.py:105} INFO - Job 42: Subtask create_table
[2024-12-07T19:39:38.901+0000] {task_command.py:467} INFO - Running <TaskInstance: medal_count_dag.create_table manual__2024-12-07T19:39:36.709634+00:00 [running]> on host a693d8a2436c
[2024-12-07T19:39:39.160+0000] {taskinstance.py:3132} INFO - Exporting env vars: AIRFLOW_CTX_DAG_OWNER='***' AIRFLOW_CTX_DAG_ID='medal_count_dag' AIRFLOW_CTX_TASK_ID='create_table' AIRFLOW_CTX_EXECUTION_DATE='2024-12-07T19:39:36.709634+00:00' AIRFLOW_CTX_TRY_NUMBER='1' AIRFLOW_CTX_DAG_RUN_ID='manual__2024-12-07T19:39:36.709634+00:00'
[2024-12-07T19:39:39.161+0000] {logging_mixin.py:190} INFO - Task instance is in running state
[2024-12-07T19:39:39.162+0000] {logging_mixin.py:190} INFO -  Previous state of the Task instance: queued
[2024-12-07T19:39:39.163+0000] {logging_mixin.py:190} INFO - Current task name:create_table state:running start_date:2024-12-07 19:39:38.829248+00:00
[2024-12-07T19:39:39.164+0000] {logging_mixin.py:190} INFO - Dag name:medal_count_dag and current dag run status:running
[2024-12-07T19:39:39.165+0000] {taskinstance.py:731} INFO - ::endgroup::
[2024-12-07T19:39:39.166+0000] {sql.py:278} INFO - Executing: 
CREATE TABLE IF NOT EXISTS medal_count_vvd (
    id SERIAL PRIMARY KEY,
    medal_type VARCHAR(50),
    count INTEGER,
    created_at TIMESTAMP
);
[2024-12-07T19:39:39.174+0000] {base.py:84} INFO - Retrieving connection 'goit_mysql_db_volodymyrdubrovskyi'
[2024-12-07T19:39:39.181+0000] {base.py:84} INFO - Retrieving connection 'goit_mysql_db_volodymyrdubrovskyi'
[2024-12-07T19:39:39.445+0000] {sql.py:544} INFO - Running statement: 
CREATE TABLE IF NOT EXISTS medal_count_vvd (
    id SERIAL PRIMARY KEY,
    medal_type VARCHAR(50),
    count INTEGER,
    created_at TIMESTAMP
);, parameters: None
[2024-12-07T19:39:39.490+0000] {sql.py:553} INFO - Rows affected: 0
[2024-12-07T19:39:39.551+0000] {taskinstance.py:340} INFO - ::group::Post task execution logs
[2024-12-07T19:39:39.553+0000] {taskinstance.py:352} INFO - Marking task as SUCCESS. dag_id=medal_count_dag, task_id=create_table, run_id=manual__2024-12-07T19:39:36.709634+00:00, execution_date=20241207T193936, start_date=20241207T193938, end_date=20241207T193939
[2024-12-07T19:39:39.568+0000] {logging_mixin.py:190} INFO - Task instance in success state
[2024-12-07T19:39:39.570+0000] {logging_mixin.py:190} INFO -  Previous state of the Task instance: running
[2024-12-07T19:39:39.571+0000] {logging_mixin.py:190} INFO - Dag name:medal_count_dag queued_at:2024-12-07 19:39:36.720879+00:00
[2024-12-07T19:39:39.572+0000] {logging_mixin.py:190} INFO - Task hostname:a693d8a2436c operator:MySqlOperator
[2024-12-07T19:39:39.596+0000] {local_task_job_runner.py:266} INFO - Task exited with return code 0
[2024-12-07T19:39:39.618+0000] {taskinstance.py:3895} INFO - 1 downstream tasks scheduled from follow-on schedule check
[2024-12-07T19:39:39.621+0000] {local_task_job_runner.py:245} INFO - ::endgroup::
