[2024-12-07T19:56:25.049+0000] {local_task_job_runner.py:123} INFO - ::group::Pre task execution logs
[2024-12-07T19:56:25.081+0000] {taskinstance.py:2613} INFO - Dependencies all met for dep_context=non-requeueable deps ti=<TaskInstance: medal_count_dag.calc_silver_task manual__2024-12-07T15:24:04.673694+00:00 [queued]>
[2024-12-07T19:56:25.095+0000] {taskinstance.py:2613} INFO - Dependencies all met for dep_context=requeueable deps ti=<TaskInstance: medal_count_dag.calc_silver_task manual__2024-12-07T15:24:04.673694+00:00 [queued]>
[2024-12-07T19:56:25.097+0000] {taskinstance.py:2866} INFO - Starting attempt 1 of 2
[2024-12-07T19:56:25.118+0000] {taskinstance.py:2889} INFO - Executing <Task(MySqlOperator): calc_silver_task> on 2024-12-07 15:24:04.673694+00:00
[2024-12-07T19:56:25.127+0000] {warnings.py:112} WARNING - /home/***/.local/lib/python3.12/site-packages/***/task/task_runner/standard_task_runner.py:70: DeprecationWarning: This process (pid=5214) is multi-threaded, use of fork() may lead to deadlocks in the child.
  pid = os.fork()

[2024-12-07T19:56:25.128+0000] {standard_task_runner.py:72} INFO - Started process 5216 to run task
[2024-12-07T19:56:25.129+0000] {standard_task_runner.py:104} INFO - Running: ['***', 'tasks', 'run', 'medal_count_dag', 'calc_silver_task', 'manual__2024-12-07T15:24:04.673694+00:00', '--job-id', '69', '--raw', '--subdir', 'DAGS_FOLDER/main.py', '--cfg-path', '/tmp/tmp5r774k3a']
[2024-12-07T19:56:25.131+0000] {standard_task_runner.py:105} INFO - Job 69: Subtask calc_silver_task
[2024-12-07T19:56:25.179+0000] {task_command.py:467} INFO - Running <TaskInstance: medal_count_dag.calc_silver_task manual__2024-12-07T15:24:04.673694+00:00 [running]> on host a693d8a2436c
[2024-12-07T19:56:25.417+0000] {taskinstance.py:3132} INFO - Exporting env vars: AIRFLOW_CTX_DAG_OWNER='***' AIRFLOW_CTX_DAG_ID='medal_count_dag' AIRFLOW_CTX_TASK_ID='calc_silver_task' AIRFLOW_CTX_EXECUTION_DATE='2024-12-07T15:24:04.673694+00:00' AIRFLOW_CTX_TRY_NUMBER='1' AIRFLOW_CTX_DAG_RUN_ID='manual__2024-12-07T15:24:04.673694+00:00'
[2024-12-07T19:56:25.419+0000] {logging_mixin.py:190} INFO - Task instance is in running state
[2024-12-07T19:56:25.419+0000] {logging_mixin.py:190} INFO -  Previous state of the Task instance: queued
[2024-12-07T19:56:25.420+0000] {logging_mixin.py:190} INFO - Current task name:calc_silver_task state:running start_date:2024-12-07 19:56:25.081958+00:00
[2024-12-07T19:56:25.421+0000] {logging_mixin.py:190} INFO - Dag name:medal_count_dag and current dag run status:running
[2024-12-07T19:56:25.421+0000] {taskinstance.py:731} INFO - ::endgroup::
[2024-12-07T19:56:25.422+0000] {sql.py:278} INFO - Executing: 
INSERT INTO medal_count_vvd (medal_type, count, created_at)
VALUES ('Silver', (SELECT COUNT(*) FROM olympic_dataset.athlete_event_results WHERE medal = 'Silver'), NOW());
[2024-12-07T19:56:25.430+0000] {base.py:84} INFO - Retrieving connection 'goit_mysql_db_volodymyrdubrovskyi'
[2024-12-07T19:56:25.436+0000] {base.py:84} INFO - Retrieving connection 'goit_mysql_db_volodymyrdubrovskyi'
[2024-12-07T19:56:25.663+0000] {sql.py:544} INFO - Running statement: 
INSERT INTO medal_count_vvd (medal_type, count, created_at)
VALUES ('Silver', (SELECT COUNT(*) FROM olympic_dataset.athlete_event_results WHERE medal = 'Silver'), NOW());, parameters: None
[2024-12-07T19:56:26.625+0000] {sql.py:553} INFO - Rows affected: 1
[2024-12-07T19:56:26.680+0000] {taskinstance.py:340} INFO - ::group::Post task execution logs
[2024-12-07T19:56:26.681+0000] {taskinstance.py:352} INFO - Marking task as SUCCESS. dag_id=medal_count_dag, task_id=calc_silver_task, run_id=manual__2024-12-07T15:24:04.673694+00:00, execution_date=20241207T152404, start_date=20241207T195625, end_date=20241207T195626
[2024-12-07T19:56:26.688+0000] {logging_mixin.py:190} INFO - Task instance in success state
[2024-12-07T19:56:26.689+0000] {logging_mixin.py:190} INFO -  Previous state of the Task instance: running
[2024-12-07T19:56:26.689+0000] {logging_mixin.py:190} INFO - Dag name:medal_count_dag queued_at:2024-12-07 19:56:17.183765+00:00
[2024-12-07T19:56:26.690+0000] {logging_mixin.py:190} INFO - Task hostname:a693d8a2436c operator:MySqlOperator
[2024-12-07T19:56:26.714+0000] {local_task_job_runner.py:266} INFO - Task exited with return code 0
[2024-12-07T19:56:26.734+0000] {taskinstance.py:3895} INFO - 1 downstream tasks scheduled from follow-on schedule check
[2024-12-07T19:56:26.736+0000] {local_task_job_runner.py:245} INFO - ::endgroup::
