[2024-12-07T19:55:19.239+0000] {local_task_job_runner.py:123} INFO - ::group::Pre task execution logs
[2024-12-07T19:55:19.251+0000] {taskinstance.py:2613} INFO - Dependencies all met for dep_context=non-requeueable deps ti=<TaskInstance: medal_count_dag.create_table manual__2024-12-07T19:55:17.459710+00:00 [queued]>
[2024-12-07T19:55:19.257+0000] {taskinstance.py:2613} INFO - Dependencies all met for dep_context=requeueable deps ti=<TaskInstance: medal_count_dag.create_table manual__2024-12-07T19:55:17.459710+00:00 [queued]>
[2024-12-07T19:55:19.258+0000] {taskinstance.py:2866} INFO - Starting attempt 1 of 2
[2024-12-07T19:55:19.268+0000] {taskinstance.py:2889} INFO - Executing <Task(MySqlOperator): create_table> on 2024-12-07 19:55:17.459710+00:00
[2024-12-07T19:55:19.274+0000] {warnings.py:112} WARNING - /home/***/.local/lib/python3.12/site-packages/***/task/task_runner/standard_task_runner.py:70: DeprecationWarning: This process (pid=5164) is multi-threaded, use of fork() may lead to deadlocks in the child.
  pid = os.fork()

[2024-12-07T19:55:19.276+0000] {standard_task_runner.py:72} INFO - Started process 5166 to run task
[2024-12-07T19:55:19.276+0000] {standard_task_runner.py:104} INFO - Running: ['***', 'tasks', 'run', 'medal_count_dag', 'create_table', 'manual__2024-12-07T19:55:17.459710+00:00', '--job-id', '60', '--raw', '--subdir', 'DAGS_FOLDER/main.py', '--cfg-path', '/tmp/tmpekqo23jb']
[2024-12-07T19:55:19.277+0000] {standard_task_runner.py:105} INFO - Job 60: Subtask create_table
[2024-12-07T19:55:19.310+0000] {task_command.py:467} INFO - Running <TaskInstance: medal_count_dag.create_table manual__2024-12-07T19:55:17.459710+00:00 [running]> on host a693d8a2436c
[2024-12-07T19:55:19.524+0000] {taskinstance.py:3132} INFO - Exporting env vars: AIRFLOW_CTX_DAG_OWNER='***' AIRFLOW_CTX_DAG_ID='medal_count_dag' AIRFLOW_CTX_TASK_ID='create_table' AIRFLOW_CTX_EXECUTION_DATE='2024-12-07T19:55:17.459710+00:00' AIRFLOW_CTX_TRY_NUMBER='1' AIRFLOW_CTX_DAG_RUN_ID='manual__2024-12-07T19:55:17.459710+00:00'
[2024-12-07T19:55:19.525+0000] {logging_mixin.py:190} INFO - Task instance is in running state
[2024-12-07T19:55:19.526+0000] {logging_mixin.py:190} INFO -  Previous state of the Task instance: queued
[2024-12-07T19:55:19.527+0000] {logging_mixin.py:190} INFO - Current task name:create_table state:running start_date:2024-12-07 19:55:19.252293+00:00
[2024-12-07T19:55:19.527+0000] {logging_mixin.py:190} INFO - Dag name:medal_count_dag and current dag run status:running
[2024-12-07T19:55:19.528+0000] {taskinstance.py:731} INFO - ::endgroup::
[2024-12-07T19:55:19.529+0000] {sql.py:278} INFO - Executing: 
CREATE TABLE IF NOT EXISTS medal_count_vvd (
    id SERIAL PRIMARY KEY,
    medal_type VARCHAR(50),
    count INTEGER,
    created_at TIMESTAMP
);
[2024-12-07T19:55:19.537+0000] {base.py:84} INFO - Retrieving connection 'goit_mysql_db_volodymyrdubrovskyi'
[2024-12-07T19:55:19.544+0000] {base.py:84} INFO - Retrieving connection 'goit_mysql_db_volodymyrdubrovskyi'
[2024-12-07T19:55:20.052+0000] {sql.py:544} INFO - Running statement: 
CREATE TABLE IF NOT EXISTS medal_count_vvd (
    id SERIAL PRIMARY KEY,
    medal_type VARCHAR(50),
    count INTEGER,
    created_at TIMESTAMP
);, parameters: None
[2024-12-07T19:55:20.099+0000] {sql.py:553} INFO - Rows affected: 0
[2024-12-07T19:55:20.152+0000] {taskinstance.py:340} INFO - ::group::Post task execution logs
[2024-12-07T19:55:20.153+0000] {taskinstance.py:352} INFO - Marking task as SUCCESS. dag_id=medal_count_dag, task_id=create_table, run_id=manual__2024-12-07T19:55:17.459710+00:00, execution_date=20241207T195517, start_date=20241207T195519, end_date=20241207T195520
[2024-12-07T19:55:20.161+0000] {logging_mixin.py:190} INFO - Task instance in success state
[2024-12-07T19:55:20.162+0000] {logging_mixin.py:190} INFO -  Previous state of the Task instance: running
[2024-12-07T19:55:20.162+0000] {logging_mixin.py:190} INFO - Dag name:medal_count_dag queued_at:2024-12-07 19:55:17.467718+00:00
[2024-12-07T19:55:20.163+0000] {logging_mixin.py:190} INFO - Task hostname:a693d8a2436c operator:MySqlOperator
[2024-12-07T19:55:20.174+0000] {local_task_job_runner.py:266} INFO - Task exited with return code 0
[2024-12-07T19:55:20.193+0000] {taskinstance.py:3895} INFO - 1 downstream tasks scheduled from follow-on schedule check
[2024-12-07T19:55:20.195+0000] {local_task_job_runner.py:245} INFO - ::endgroup::
