[2024-12-07T19:16:10.188+0000] {local_task_job_runner.py:123} INFO - ::group::Pre task execution logs
[2024-12-07T19:16:10.202+0000] {taskinstance.py:2613} INFO - Dependencies all met for dep_context=non-requeueable deps ti=<TaskInstance: medal_count_dag.pick_medal manual__2024-12-07T19:16:06.569868+00:00 [queued]>
[2024-12-07T19:16:10.210+0000] {taskinstance.py:2613} INFO - Dependencies all met for dep_context=requeueable deps ti=<TaskInstance: medal_count_dag.pick_medal manual__2024-12-07T19:16:06.569868+00:00 [queued]>
[2024-12-07T19:16:10.211+0000] {taskinstance.py:2866} INFO - Starting attempt 1 of 2
[2024-12-07T19:16:10.222+0000] {taskinstance.py:2889} INFO - Executing <Task(PythonOperator): pick_medal> on 2024-12-07 19:16:06.569868+00:00
[2024-12-07T19:16:10.228+0000] {warnings.py:112} WARNING - /home/***/.local/lib/python3.12/site-packages/***/task/task_runner/standard_task_runner.py:70: DeprecationWarning: This process (pid=4476) is multi-threaded, use of fork() may lead to deadlocks in the child.
  pid = os.fork()

[2024-12-07T19:16:10.230+0000] {standard_task_runner.py:72} INFO - Started process 4485 to run task
[2024-12-07T19:16:10.230+0000] {standard_task_runner.py:104} INFO - Running: ['***', 'tasks', 'run', 'medal_count_dag', 'pick_medal', 'manual__2024-12-07T19:16:06.569868+00:00', '--job-id', '18', '--raw', '--subdir', 'DAGS_FOLDER/main.py', '--cfg-path', '/tmp/tmp4d_ku5sf']
[2024-12-07T19:16:10.231+0000] {standard_task_runner.py:105} INFO - Job 18: Subtask pick_medal
[2024-12-07T19:16:10.270+0000] {task_command.py:467} INFO - Running <TaskInstance: medal_count_dag.pick_medal manual__2024-12-07T19:16:06.569868+00:00 [running]> on host a693d8a2436c
[2024-12-07T19:16:10.498+0000] {taskinstance.py:3132} INFO - Exporting env vars: AIRFLOW_CTX_DAG_OWNER='***' AIRFLOW_CTX_DAG_ID='medal_count_dag' AIRFLOW_CTX_TASK_ID='pick_medal' AIRFLOW_CTX_EXECUTION_DATE='2024-12-07T19:16:06.569868+00:00' AIRFLOW_CTX_TRY_NUMBER='1' AIRFLOW_CTX_DAG_RUN_ID='manual__2024-12-07T19:16:06.569868+00:00'
[2024-12-07T19:16:10.499+0000] {logging_mixin.py:190} INFO - Task instance is in running state
[2024-12-07T19:16:10.500+0000] {logging_mixin.py:190} INFO -  Previous state of the Task instance: queued
[2024-12-07T19:16:10.501+0000] {logging_mixin.py:190} INFO - Current task name:pick_medal state:running start_date:2024-12-07 19:16:10.203831+00:00
[2024-12-07T19:16:10.502+0000] {logging_mixin.py:190} INFO - Dag name:medal_count_dag and current dag run status:running
[2024-12-07T19:16:10.502+0000] {taskinstance.py:731} INFO - ::endgroup::
[2024-12-07T19:16:10.503+0000] {python.py:240} INFO - Done. Returned value was: Gold
[2024-12-07T19:16:10.520+0000] {taskinstance.py:340} INFO - ::group::Post task execution logs
[2024-12-07T19:16:10.521+0000] {taskinstance.py:352} INFO - Marking task as SUCCESS. dag_id=medal_count_dag, task_id=pick_medal, run_id=manual__2024-12-07T19:16:06.569868+00:00, execution_date=20241207T191606, start_date=20241207T191610, end_date=20241207T191610
[2024-12-07T19:16:10.528+0000] {logging_mixin.py:190} INFO - Task instance in success state
[2024-12-07T19:16:10.529+0000] {logging_mixin.py:190} INFO -  Previous state of the Task instance: running
[2024-12-07T19:16:10.530+0000] {logging_mixin.py:190} INFO - Dag name:medal_count_dag queued_at:2024-12-07 19:16:06.575120+00:00
[2024-12-07T19:16:10.531+0000] {logging_mixin.py:190} INFO - Task hostname:a693d8a2436c operator:PythonOperator
[2024-12-07T19:16:10.565+0000] {local_task_job_runner.py:266} INFO - Task exited with return code 0
[2024-12-07T19:16:10.585+0000] {taskinstance.py:3895} INFO - 1 downstream tasks scheduled from follow-on schedule check
[2024-12-07T19:16:10.589+0000] {local_task_job_runner.py:245} INFO - ::endgroup::
