[2024-12-07T20:06:11.397+0000] {local_task_job_runner.py:123} INFO - ::group::Pre task execution logs
[2024-12-07T20:06:11.409+0000] {taskinstance.py:2613} INFO - Dependencies all met for dep_context=non-requeueable deps ti=<TaskInstance: medal_count_dag.check_recent_record manual__2024-12-07T19:35:03.801559+00:00 [queued]>
[2024-12-07T20:06:11.416+0000] {taskinstance.py:2613} INFO - Dependencies all met for dep_context=requeueable deps ti=<TaskInstance: medal_count_dag.check_recent_record manual__2024-12-07T19:35:03.801559+00:00 [queued]>
[2024-12-07T20:06:11.417+0000] {taskinstance.py:2866} INFO - Starting attempt 1 of 2
[2024-12-07T20:06:11.426+0000] {taskinstance.py:2889} INFO - Executing <Task(SqlSensor): check_recent_record> on 2024-12-07 19:35:03.801559+00:00
[2024-12-07T20:06:11.433+0000] {warnings.py:112} WARNING - /home/***/.local/lib/python3.12/site-packages/***/task/task_runner/standard_task_runner.py:70: DeprecationWarning: This process (pid=5593) is multi-threaded, use of fork() may lead to deadlocks in the child.
  pid = os.fork()

[2024-12-07T20:06:11.435+0000] {standard_task_runner.py:72} INFO - Started process 5595 to run task
[2024-12-07T20:06:11.435+0000] {standard_task_runner.py:104} INFO - Running: ['***', 'tasks', 'run', 'medal_count_dag', 'check_recent_record', 'manual__2024-12-07T19:35:03.801559+00:00', '--job-id', '132', '--raw', '--subdir', 'DAGS_FOLDER/main.py', '--cfg-path', '/tmp/tmpi7hxnhb9']
[2024-12-07T20:06:11.436+0000] {standard_task_runner.py:105} INFO - Job 132: Subtask check_recent_record
[2024-12-07T20:06:11.473+0000] {task_command.py:467} INFO - Running <TaskInstance: medal_count_dag.check_recent_record manual__2024-12-07T19:35:03.801559+00:00 [running]> on host a693d8a2436c
[2024-12-07T20:06:11.695+0000] {taskinstance.py:3132} INFO - Exporting env vars: AIRFLOW_CTX_DAG_OWNER='***' AIRFLOW_CTX_DAG_ID='medal_count_dag' AIRFLOW_CTX_TASK_ID='check_recent_record' AIRFLOW_CTX_EXECUTION_DATE='2024-12-07T19:35:03.801559+00:00' AIRFLOW_CTX_TRY_NUMBER='1' AIRFLOW_CTX_DAG_RUN_ID='manual__2024-12-07T19:35:03.801559+00:00'
[2024-12-07T20:06:11.696+0000] {logging_mixin.py:190} INFO - Task instance is in running state
[2024-12-07T20:06:11.696+0000] {logging_mixin.py:190} INFO -  Previous state of the Task instance: queued
[2024-12-07T20:06:11.697+0000] {logging_mixin.py:190} INFO - Current task name:check_recent_record state:running start_date:2024-12-07 20:06:11.410625+00:00
[2024-12-07T20:06:11.697+0000] {logging_mixin.py:190} INFO - Dag name:medal_count_dag and current dag run status:running
[2024-12-07T20:06:11.698+0000] {taskinstance.py:731} INFO - ::endgroup::
[2024-12-07T20:06:11.704+0000] {base.py:84} INFO - Retrieving connection 'goit_mysql_db_volodymyrdubrovskyi'
[2024-12-07T20:06:11.706+0000] {sql.py:101} INFO - Poking: 
    SELECT COUNT(*) 
    FROM medal_count_vvd 
    WHERE created_at >= NOW() - INTERVAL 30 SECOND;
     (with parameters None)
[2024-12-07T20:06:11.711+0000] {base.py:84} INFO - Retrieving connection 'goit_mysql_db_volodymyrdubrovskyi'
[2024-12-07T20:06:11.939+0000] {sql.py:544} INFO - Running statement: 
    SELECT COUNT(*) 
    FROM medal_count_vvd 
    WHERE created_at >= NOW() - INTERVAL 30 SECOND;
    , parameters: None
[2024-12-07T20:06:11.984+0000] {sql.py:553} INFO - Rows affected: 1
[2024-12-07T20:06:12.028+0000] {base.py:336} INFO - Success criteria met. Exiting.
[2024-12-07T20:06:12.036+0000] {taskinstance.py:340} INFO - ::group::Post task execution logs
[2024-12-07T20:06:12.037+0000] {taskinstance.py:352} INFO - Marking task as SUCCESS. dag_id=medal_count_dag, task_id=check_recent_record, run_id=manual__2024-12-07T19:35:03.801559+00:00, execution_date=20241207T193503, start_date=20241207T200611, end_date=20241207T200612
[2024-12-07T20:06:12.047+0000] {logging_mixin.py:190} INFO - Task instance in success state
[2024-12-07T20:06:12.048+0000] {logging_mixin.py:190} INFO -  Previous state of the Task instance: running
[2024-12-07T20:06:12.048+0000] {logging_mixin.py:190} INFO - Dag name:medal_count_dag queued_at:2024-12-07 20:05:53.893525+00:00
[2024-12-07T20:06:12.049+0000] {logging_mixin.py:190} INFO - Task hostname:a693d8a2436c operator:SqlSensor
[2024-12-07T20:06:12.092+0000] {local_task_job_runner.py:266} INFO - Task exited with return code 0
[2024-12-07T20:06:12.104+0000] {taskinstance.py:3895} INFO - 0 downstream tasks scheduled from follow-on schedule check
[2024-12-07T20:06:12.107+0000] {local_task_job_runner.py:245} INFO - ::endgroup::
