[2024-12-07T19:57:00.049+0000] {local_task_job_runner.py:123} INFO - ::group::Pre task execution logs
[2024-12-07T19:57:00.064+0000] {taskinstance.py:2613} INFO - Dependencies all met for dep_context=non-requeueable deps ti=<TaskInstance: medal_count_dag.generate_delay manual__2024-12-07T16:02:39.806894+00:00 [queued]>
[2024-12-07T19:57:00.071+0000] {taskinstance.py:2613} INFO - Dependencies all met for dep_context=requeueable deps ti=<TaskInstance: medal_count_dag.generate_delay manual__2024-12-07T16:02:39.806894+00:00 [queued]>
[2024-12-07T19:57:00.072+0000] {taskinstance.py:2866} INFO - Starting attempt 1 of 2
[2024-12-07T19:57:00.083+0000] {taskinstance.py:2889} INFO - Executing <Task(PythonOperator): generate_delay> on 2024-12-07 16:02:39.806894+00:00
[2024-12-07T19:57:00.089+0000] {warnings.py:112} WARNING - /home/***/.local/lib/python3.12/site-packages/***/task/task_runner/standard_task_runner.py:70: DeprecationWarning: This process (pid=5251) is multi-threaded, use of fork() may lead to deadlocks in the child.
  pid = os.fork()

[2024-12-07T19:57:00.091+0000] {standard_task_runner.py:72} INFO - Started process 5255 to run task
[2024-12-07T19:57:00.091+0000] {standard_task_runner.py:104} INFO - Running: ['***', 'tasks', 'run', 'medal_count_dag', 'generate_delay', 'manual__2024-12-07T16:02:39.806894+00:00', '--job-id', '77', '--raw', '--subdir', 'DAGS_FOLDER/main.py', '--cfg-path', '/tmp/tmp_ply3lm3']
[2024-12-07T19:57:00.092+0000] {standard_task_runner.py:105} INFO - Job 77: Subtask generate_delay
[2024-12-07T19:57:00.130+0000] {task_command.py:467} INFO - Running <TaskInstance: medal_count_dag.generate_delay manual__2024-12-07T16:02:39.806894+00:00 [running]> on host a693d8a2436c
[2024-12-07T19:57:00.370+0000] {taskinstance.py:3132} INFO - Exporting env vars: AIRFLOW_CTX_DAG_OWNER='***' AIRFLOW_CTX_DAG_ID='medal_count_dag' AIRFLOW_CTX_TASK_ID='generate_delay' AIRFLOW_CTX_EXECUTION_DATE='2024-12-07T16:02:39.806894+00:00' AIRFLOW_CTX_TRY_NUMBER='1' AIRFLOW_CTX_DAG_RUN_ID='manual__2024-12-07T16:02:39.806894+00:00'
[2024-12-07T19:57:00.371+0000] {logging_mixin.py:190} INFO - Task instance is in running state
[2024-12-07T19:57:00.372+0000] {logging_mixin.py:190} INFO -  Previous state of the Task instance: queued
[2024-12-07T19:57:00.373+0000] {logging_mixin.py:190} INFO - Current task name:generate_delay state:running start_date:2024-12-07 19:57:00.065040+00:00
[2024-12-07T19:57:00.373+0000] {logging_mixin.py:190} INFO - Dag name:medal_count_dag and current dag run status:running
[2024-12-07T19:57:00.374+0000] {taskinstance.py:731} INFO - ::endgroup::
[2024-12-07T19:57:05.375+0000] {python.py:240} INFO - Done. Returned value was: None
[2024-12-07T19:57:05.389+0000] {taskinstance.py:340} INFO - ::group::Post task execution logs
[2024-12-07T19:57:05.391+0000] {taskinstance.py:352} INFO - Marking task as SUCCESS. dag_id=medal_count_dag, task_id=generate_delay, run_id=manual__2024-12-07T16:02:39.806894+00:00, execution_date=20241207T160239, start_date=20241207T195700, end_date=20241207T195705
[2024-12-07T19:57:05.402+0000] {logging_mixin.py:190} INFO - Task instance in success state
[2024-12-07T19:57:05.403+0000] {logging_mixin.py:190} INFO -  Previous state of the Task instance: running
[2024-12-07T19:57:05.404+0000] {logging_mixin.py:190} INFO - Dag name:medal_count_dag queued_at:2024-12-07 19:56:48.929612+00:00
[2024-12-07T19:57:05.405+0000] {logging_mixin.py:190} INFO - Task hostname:a693d8a2436c operator:PythonOperator
[2024-12-07T19:57:05.451+0000] {local_task_job_runner.py:266} INFO - Task exited with return code 0
[2024-12-07T19:57:05.469+0000] {taskinstance.py:3895} INFO - 1 downstream tasks scheduled from follow-on schedule check
[2024-12-07T19:57:05.473+0000] {local_task_job_runner.py:245} INFO - ::endgroup::
