[2024-12-07T20:05:59.553+0000] {local_task_job_runner.py:123} INFO - ::group::Pre task execution logs
[2024-12-07T20:05:59.566+0000] {taskinstance.py:2613} INFO - Dependencies all met for dep_context=non-requeueable deps ti=<TaskInstance: medal_count_dag.pick_medal_task manual__2024-12-07T19:35:03.801559+00:00 [queued]>
[2024-12-07T20:05:59.574+0000] {taskinstance.py:2613} INFO - Dependencies all met for dep_context=requeueable deps ti=<TaskInstance: medal_count_dag.pick_medal_task manual__2024-12-07T19:35:03.801559+00:00 [queued]>
[2024-12-07T20:05:59.575+0000] {taskinstance.py:2866} INFO - Starting attempt 2 of 3
[2024-12-07T20:05:59.586+0000] {taskinstance.py:2889} INFO - Executing <Task(BranchPythonOperator): pick_medal_task> on 2024-12-07 19:35:03.801559+00:00
[2024-12-07T20:05:59.593+0000] {warnings.py:112} WARNING - /home/***/.local/lib/python3.12/site-packages/***/task/task_runner/standard_task_runner.py:70: DeprecationWarning: This process (pid=5581) is multi-threaded, use of fork() may lead to deadlocks in the child.
  pid = os.fork()

[2024-12-07T20:05:59.595+0000] {standard_task_runner.py:72} INFO - Started process 5583 to run task
[2024-12-07T20:05:59.595+0000] {standard_task_runner.py:104} INFO - Running: ['***', 'tasks', 'run', 'medal_count_dag', 'pick_medal_task', 'manual__2024-12-07T19:35:03.801559+00:00', '--job-id', '129', '--raw', '--subdir', 'DAGS_FOLDER/main.py', '--cfg-path', '/tmp/tmpcz3kgckm']
[2024-12-07T20:05:59.597+0000] {standard_task_runner.py:105} INFO - Job 129: Subtask pick_medal_task
[2024-12-07T20:05:59.637+0000] {task_command.py:467} INFO - Running <TaskInstance: medal_count_dag.pick_medal_task manual__2024-12-07T19:35:03.801559+00:00 [running]> on host a693d8a2436c
[2024-12-07T20:05:59.872+0000] {taskinstance.py:3132} INFO - Exporting env vars: AIRFLOW_CTX_DAG_OWNER='***' AIRFLOW_CTX_DAG_ID='medal_count_dag' AIRFLOW_CTX_TASK_ID='pick_medal_task' AIRFLOW_CTX_EXECUTION_DATE='2024-12-07T19:35:03.801559+00:00' AIRFLOW_CTX_TRY_NUMBER='2' AIRFLOW_CTX_DAG_RUN_ID='manual__2024-12-07T19:35:03.801559+00:00'
[2024-12-07T20:05:59.873+0000] {logging_mixin.py:190} INFO - Task instance is in running state
[2024-12-07T20:05:59.874+0000] {logging_mixin.py:190} INFO -  Previous state of the Task instance: queued
[2024-12-07T20:05:59.874+0000] {logging_mixin.py:190} INFO - Current task name:pick_medal_task state:running start_date:2024-12-07 20:05:59.567440+00:00
[2024-12-07T20:05:59.875+0000] {logging_mixin.py:190} INFO - Dag name:medal_count_dag and current dag run status:running
[2024-12-07T20:05:59.876+0000] {taskinstance.py:731} INFO - ::endgroup::
[2024-12-07T20:05:59.876+0000] {baseoperator.py:416} WARNING - BranchPythonOperator.execute cannot be called outside TaskInstance!
[2024-12-07T20:05:59.884+0000] {python.py:240} INFO - Done. Returned value was: calc_silver_task
[2024-12-07T20:05:59.885+0000] {branch.py:38} INFO - Branch into calc_silver_task
[2024-12-07T20:05:59.885+0000] {skipmixin.py:230} INFO - Following branch ('calc_silver_task',)
[2024-12-07T20:05:59.893+0000] {skipmixin.py:278} INFO - Skipping tasks [('calc_gold_task', -1), ('calc_bronze_task', -1)]
[2024-12-07T20:05:59.919+0000] {taskinstance.py:340} INFO - ::group::Post task execution logs
[2024-12-07T20:05:59.920+0000] {taskinstance.py:352} INFO - Marking task as SUCCESS. dag_id=medal_count_dag, task_id=pick_medal_task, run_id=manual__2024-12-07T19:35:03.801559+00:00, execution_date=20241207T193503, start_date=20241207T200559, end_date=20241207T200559
[2024-12-07T20:05:59.928+0000] {logging_mixin.py:190} INFO - Task instance in success state
[2024-12-07T20:05:59.929+0000] {logging_mixin.py:190} INFO -  Previous state of the Task instance: running
[2024-12-07T20:05:59.930+0000] {logging_mixin.py:190} INFO - Dag name:medal_count_dag queued_at:2024-12-07 20:05:53.893525+00:00
[2024-12-07T20:05:59.930+0000] {logging_mixin.py:190} INFO - Task hostname:a693d8a2436c operator:BranchPythonOperator
[2024-12-07T20:05:59.971+0000] {local_task_job_runner.py:266} INFO - Task exited with return code 0
[2024-12-07T20:05:59.996+0000] {taskinstance.py:3895} INFO - 1 downstream tasks scheduled from follow-on schedule check
[2024-12-07T20:05:59.999+0000] {local_task_job_runner.py:245} INFO - ::endgroup::
