[2024-12-07T20:03:28.619+0000] {local_task_job_runner.py:123} INFO - ::group::Pre task execution logs
[2024-12-07T20:03:28.632+0000] {taskinstance.py:2613} INFO - Dependencies all met for dep_context=non-requeueable deps ti=<TaskInstance: medal_count_dag.generate_delay manual__2024-12-07T19:16:06.569868+00:00 [queued]>
[2024-12-07T20:03:28.639+0000] {taskinstance.py:2613} INFO - Dependencies all met for dep_context=requeueable deps ti=<TaskInstance: medal_count_dag.generate_delay manual__2024-12-07T19:16:06.569868+00:00 [queued]>
[2024-12-07T20:03:28.641+0000] {taskinstance.py:2866} INFO - Starting attempt 1 of 2
[2024-12-07T20:03:28.652+0000] {taskinstance.py:2889} INFO - Executing <Task(PythonOperator): generate_delay> on 2024-12-07 19:16:06.569868+00:00
[2024-12-07T20:03:28.659+0000] {warnings.py:112} WARNING - /home/***/.local/lib/python3.12/site-packages/***/task/task_runner/standard_task_runner.py:70: DeprecationWarning: This process (pid=5433) is multi-threaded, use of fork() may lead to deadlocks in the child.
  pid = os.fork()

[2024-12-07T20:03:28.660+0000] {standard_task_runner.py:72} INFO - Started process 5435 to run task
[2024-12-07T20:03:28.660+0000] {standard_task_runner.py:104} INFO - Running: ['***', 'tasks', 'run', 'medal_count_dag', 'generate_delay', 'manual__2024-12-07T19:16:06.569868+00:00', '--job-id', '101', '--raw', '--subdir', 'DAGS_FOLDER/main.py', '--cfg-path', '/tmp/tmpket4e8mc']
[2024-12-07T20:03:28.662+0000] {standard_task_runner.py:105} INFO - Job 101: Subtask generate_delay
[2024-12-07T20:03:28.696+0000] {task_command.py:467} INFO - Running <TaskInstance: medal_count_dag.generate_delay manual__2024-12-07T19:16:06.569868+00:00 [running]> on host a693d8a2436c
[2024-12-07T20:03:28.920+0000] {taskinstance.py:3132} INFO - Exporting env vars: AIRFLOW_CTX_DAG_OWNER='***' AIRFLOW_CTX_DAG_ID='medal_count_dag' AIRFLOW_CTX_TASK_ID='generate_delay' AIRFLOW_CTX_EXECUTION_DATE='2024-12-07T19:16:06.569868+00:00' AIRFLOW_CTX_TRY_NUMBER='1' AIRFLOW_CTX_DAG_RUN_ID='manual__2024-12-07T19:16:06.569868+00:00'
[2024-12-07T20:03:28.921+0000] {logging_mixin.py:190} INFO - Task instance is in running state
[2024-12-07T20:03:28.923+0000] {logging_mixin.py:190} INFO -  Previous state of the Task instance: queued
[2024-12-07T20:03:28.924+0000] {logging_mixin.py:190} INFO - Current task name:generate_delay state:running start_date:2024-12-07 20:03:28.633544+00:00
[2024-12-07T20:03:28.925+0000] {logging_mixin.py:190} INFO - Dag name:medal_count_dag and current dag run status:running
[2024-12-07T20:03:28.926+0000] {taskinstance.py:731} INFO - ::endgroup::
[2024-12-07T20:03:33.928+0000] {python.py:240} INFO - Done. Returned value was: None
[2024-12-07T20:03:33.940+0000] {taskinstance.py:340} INFO - ::group::Post task execution logs
[2024-12-07T20:03:33.942+0000] {taskinstance.py:352} INFO - Marking task as SUCCESS. dag_id=medal_count_dag, task_id=generate_delay, run_id=manual__2024-12-07T19:16:06.569868+00:00, execution_date=20241207T191606, start_date=20241207T200328, end_date=20241207T200333
[2024-12-07T20:03:33.952+0000] {logging_mixin.py:190} INFO - Task instance in success state
[2024-12-07T20:03:33.953+0000] {logging_mixin.py:190} INFO -  Previous state of the Task instance: running
[2024-12-07T20:03:33.954+0000] {logging_mixin.py:190} INFO - Dag name:medal_count_dag queued_at:2024-12-07 20:03:16.792442+00:00
[2024-12-07T20:03:33.954+0000] {logging_mixin.py:190} INFO - Task hostname:a693d8a2436c operator:PythonOperator
[2024-12-07T20:03:33.983+0000] {local_task_job_runner.py:266} INFO - Task exited with return code 0
[2024-12-07T20:03:34.000+0000] {taskinstance.py:3895} INFO - 1 downstream tasks scheduled from follow-on schedule check
[2024-12-07T20:03:34.003+0000] {local_task_job_runner.py:245} INFO - ::endgroup::
