[2024-12-07T20:05:10.162+0000] {local_task_job_runner.py:123} INFO - ::group::Pre task execution logs
[2024-12-07T20:05:10.175+0000] {taskinstance.py:2613} INFO - Dependencies all met for dep_context=non-requeueable deps ti=<TaskInstance: medal_count_dag.generate_delay manual__2024-12-07T19:28:12.851252+00:00 [queued]>
[2024-12-07T20:05:10.181+0000] {taskinstance.py:2613} INFO - Dependencies all met for dep_context=requeueable deps ti=<TaskInstance: medal_count_dag.generate_delay manual__2024-12-07T19:28:12.851252+00:00 [queued]>
[2024-12-07T20:05:10.182+0000] {taskinstance.py:2866} INFO - Starting attempt 1 of 2
[2024-12-07T20:05:10.193+0000] {taskinstance.py:2889} INFO - Executing <Task(PythonOperator): generate_delay> on 2024-12-07 19:28:12.851252+00:00
[2024-12-07T20:05:10.200+0000] {warnings.py:112} WARNING - /home/***/.local/lib/python3.12/site-packages/***/task/task_runner/standard_task_runner.py:70: DeprecationWarning: This process (pid=5527) is multi-threaded, use of fork() may lead to deadlocks in the child.
  pid = os.fork()

[2024-12-07T20:05:10.202+0000] {standard_task_runner.py:72} INFO - Started process 5529 to run task
[2024-12-07T20:05:10.202+0000] {standard_task_runner.py:104} INFO - Running: ['***', 'tasks', 'run', 'medal_count_dag', 'generate_delay', 'manual__2024-12-07T19:28:12.851252+00:00', '--job-id', '119', '--raw', '--subdir', 'DAGS_FOLDER/main.py', '--cfg-path', '/tmp/tmpof2wgloh']
[2024-12-07T20:05:10.203+0000] {standard_task_runner.py:105} INFO - Job 119: Subtask generate_delay
[2024-12-07T20:05:10.241+0000] {task_command.py:467} INFO - Running <TaskInstance: medal_count_dag.generate_delay manual__2024-12-07T19:28:12.851252+00:00 [running]> on host a693d8a2436c
[2024-12-07T20:05:10.469+0000] {taskinstance.py:3132} INFO - Exporting env vars: AIRFLOW_CTX_DAG_OWNER='***' AIRFLOW_CTX_DAG_ID='medal_count_dag' AIRFLOW_CTX_TASK_ID='generate_delay' AIRFLOW_CTX_EXECUTION_DATE='2024-12-07T19:28:12.851252+00:00' AIRFLOW_CTX_TRY_NUMBER='1' AIRFLOW_CTX_DAG_RUN_ID='manual__2024-12-07T19:28:12.851252+00:00'
[2024-12-07T20:05:10.471+0000] {logging_mixin.py:190} INFO - Task instance is in running state
[2024-12-07T20:05:10.472+0000] {logging_mixin.py:190} INFO -  Previous state of the Task instance: queued
[2024-12-07T20:05:10.472+0000] {logging_mixin.py:190} INFO - Current task name:generate_delay state:running start_date:2024-12-07 20:05:10.176291+00:00
[2024-12-07T20:05:10.473+0000] {logging_mixin.py:190} INFO - Dag name:medal_count_dag and current dag run status:running
[2024-12-07T20:05:10.474+0000] {taskinstance.py:731} INFO - ::endgroup::
[2024-12-07T20:05:15.475+0000] {python.py:240} INFO - Done. Returned value was: None
[2024-12-07T20:05:15.489+0000] {taskinstance.py:340} INFO - ::group::Post task execution logs
[2024-12-07T20:05:15.490+0000] {taskinstance.py:352} INFO - Marking task as SUCCESS. dag_id=medal_count_dag, task_id=generate_delay, run_id=manual__2024-12-07T19:28:12.851252+00:00, execution_date=20241207T192812, start_date=20241207T200510, end_date=20241207T200515
[2024-12-07T20:05:15.499+0000] {logging_mixin.py:190} INFO - Task instance in success state
[2024-12-07T20:05:15.500+0000] {logging_mixin.py:190} INFO -  Previous state of the Task instance: running
[2024-12-07T20:05:15.501+0000] {logging_mixin.py:190} INFO - Dag name:medal_count_dag queued_at:2024-12-07 20:04:59.080143+00:00
[2024-12-07T20:05:15.502+0000] {logging_mixin.py:190} INFO - Task hostname:a693d8a2436c operator:PythonOperator
[2024-12-07T20:05:15.519+0000] {local_task_job_runner.py:266} INFO - Task exited with return code 0
[2024-12-07T20:05:15.533+0000] {taskinstance.py:3895} INFO - 1 downstream tasks scheduled from follow-on schedule check
[2024-12-07T20:05:15.536+0000] {local_task_job_runner.py:245} INFO - ::endgroup::
