[2024-12-07T19:04:17.198+0000] {local_task_job_runner.py:123} INFO - ::group::Pre task execution logs
[2024-12-07T19:04:17.212+0000] {taskinstance.py:2613} INFO - Dependencies all met for dep_context=non-requeueable deps ti=<TaskInstance: medal_count_dag.pick_medal manual__2024-12-07T19:04:12.622848+00:00 [queued]>
[2024-12-07T19:04:17.220+0000] {taskinstance.py:2613} INFO - Dependencies all met for dep_context=requeueable deps ti=<TaskInstance: medal_count_dag.pick_medal manual__2024-12-07T19:04:12.622848+00:00 [queued]>
[2024-12-07T19:04:17.221+0000] {taskinstance.py:2866} INFO - Starting attempt 1 of 2
[2024-12-07T19:04:17.232+0000] {taskinstance.py:2889} INFO - Executing <Task(PythonOperator): pick_medal> on 2024-12-07 19:04:12.622848+00:00
[2024-12-07T19:04:17.239+0000] {warnings.py:112} WARNING - /home/***/.local/lib/python3.12/site-packages/***/task/task_runner/standard_task_runner.py:70: DeprecationWarning: This process (pid=4290) is multi-threaded, use of fork() may lead to deadlocks in the child.
  pid = os.fork()

[2024-12-07T19:04:17.242+0000] {standard_task_runner.py:72} INFO - Started process 4293 to run task
[2024-12-07T19:04:17.242+0000] {standard_task_runner.py:104} INFO - Running: ['***', 'tasks', 'run', 'medal_count_dag', 'pick_medal', 'manual__2024-12-07T19:04:12.622848+00:00', '--job-id', '11', '--raw', '--subdir', 'DAGS_FOLDER/main.py', '--cfg-path', '/tmp/tmp1s325e8q']
[2024-12-07T19:04:17.243+0000] {standard_task_runner.py:105} INFO - Job 11: Subtask pick_medal
[2024-12-07T19:04:17.296+0000] {task_command.py:467} INFO - Running <TaskInstance: medal_count_dag.pick_medal manual__2024-12-07T19:04:12.622848+00:00 [running]> on host a693d8a2436c
[2024-12-07T19:04:17.567+0000] {taskinstance.py:3132} INFO - Exporting env vars: AIRFLOW_CTX_DAG_OWNER='***' AIRFLOW_CTX_DAG_ID='medal_count_dag' AIRFLOW_CTX_TASK_ID='pick_medal' AIRFLOW_CTX_EXECUTION_DATE='2024-12-07T19:04:12.622848+00:00' AIRFLOW_CTX_TRY_NUMBER='1' AIRFLOW_CTX_DAG_RUN_ID='manual__2024-12-07T19:04:12.622848+00:00'
[2024-12-07T19:04:17.568+0000] {logging_mixin.py:190} INFO - Task instance is in running state
[2024-12-07T19:04:17.568+0000] {logging_mixin.py:190} INFO -  Previous state of the Task instance: queued
[2024-12-07T19:04:17.569+0000] {logging_mixin.py:190} INFO - Current task name:pick_medal state:running start_date:2024-12-07 19:04:17.213363+00:00
[2024-12-07T19:04:17.570+0000] {logging_mixin.py:190} INFO - Dag name:medal_count_dag and current dag run status:running
[2024-12-07T19:04:17.570+0000] {taskinstance.py:731} INFO - ::endgroup::
[2024-12-07T19:04:17.570+0000] {python.py:240} INFO - Done. Returned value was: Silver
[2024-12-07T19:04:17.586+0000] {taskinstance.py:340} INFO - ::group::Post task execution logs
[2024-12-07T19:04:17.587+0000] {taskinstance.py:352} INFO - Marking task as SUCCESS. dag_id=medal_count_dag, task_id=pick_medal, run_id=manual__2024-12-07T19:04:12.622848+00:00, execution_date=20241207T190412, start_date=20241207T190417, end_date=20241207T190417
[2024-12-07T19:04:17.594+0000] {logging_mixin.py:190} INFO - Task instance in success state
[2024-12-07T19:04:17.594+0000] {logging_mixin.py:190} INFO -  Previous state of the Task instance: running
[2024-12-07T19:04:17.595+0000] {logging_mixin.py:190} INFO - Dag name:medal_count_dag queued_at:2024-12-07 19:04:12.654712+00:00
[2024-12-07T19:04:17.595+0000] {logging_mixin.py:190} INFO - Task hostname:a693d8a2436c operator:PythonOperator
[2024-12-07T19:04:17.619+0000] {local_task_job_runner.py:266} INFO - Task exited with return code 0
[2024-12-07T19:04:17.641+0000] {taskinstance.py:3895} INFO - 1 downstream tasks scheduled from follow-on schedule check
[2024-12-07T19:04:17.644+0000] {local_task_job_runner.py:245} INFO - ::endgroup::
