[2024-12-07T20:08:27.096+0000] {local_task_job_runner.py:123} INFO - ::group::Pre task execution logs
[2024-12-07T20:08:27.113+0000] {taskinstance.py:2613} INFO - Dependencies all met for dep_context=non-requeueable deps ti=<TaskInstance: medal_count_dag.calc_gold_task manual__2024-12-07T20:08:18.915930+00:00 [queued]>
[2024-12-07T20:08:27.121+0000] {taskinstance.py:2613} INFO - Dependencies all met for dep_context=requeueable deps ti=<TaskInstance: medal_count_dag.calc_gold_task manual__2024-12-07T20:08:18.915930+00:00 [queued]>
[2024-12-07T20:08:27.122+0000] {taskinstance.py:2866} INFO - Starting attempt 1 of 2
[2024-12-07T20:08:27.132+0000] {taskinstance.py:2889} INFO - Executing <Task(MySqlOperator): calc_gold_task> on 2024-12-07 20:08:18.915930+00:00
[2024-12-07T20:08:27.139+0000] {warnings.py:112} WARNING - /home/***/.local/lib/python3.12/site-packages/***/task/task_runner/standard_task_runner.py:70: DeprecationWarning: This process (pid=5645) is multi-threaded, use of fork() may lead to deadlocks in the child.
  pid = os.fork()

[2024-12-07T20:08:27.141+0000] {standard_task_runner.py:72} INFO - Started process 5647 to run task
[2024-12-07T20:08:27.141+0000] {standard_task_runner.py:104} INFO - Running: ['***', 'tasks', 'run', 'medal_count_dag', 'calc_gold_task', 'manual__2024-12-07T20:08:18.915930+00:00', '--job-id', '136', '--raw', '--subdir', 'DAGS_FOLDER/main.py', '--cfg-path', '/tmp/tmpouz4kp66']
[2024-12-07T20:08:27.142+0000] {standard_task_runner.py:105} INFO - Job 136: Subtask calc_gold_task
[2024-12-07T20:08:27.176+0000] {task_command.py:467} INFO - Running <TaskInstance: medal_count_dag.calc_gold_task manual__2024-12-07T20:08:18.915930+00:00 [running]> on host a693d8a2436c
[2024-12-07T20:08:27.383+0000] {taskinstance.py:3132} INFO - Exporting env vars: AIRFLOW_CTX_DAG_OWNER='***' AIRFLOW_CTX_DAG_ID='medal_count_dag' AIRFLOW_CTX_TASK_ID='calc_gold_task' AIRFLOW_CTX_EXECUTION_DATE='2024-12-07T20:08:18.915930+00:00' AIRFLOW_CTX_TRY_NUMBER='1' AIRFLOW_CTX_DAG_RUN_ID='manual__2024-12-07T20:08:18.915930+00:00'
[2024-12-07T20:08:27.384+0000] {logging_mixin.py:190} INFO - Task instance is in running state
[2024-12-07T20:08:27.385+0000] {logging_mixin.py:190} INFO -  Previous state of the Task instance: queued
[2024-12-07T20:08:27.387+0000] {logging_mixin.py:190} INFO - Current task name:calc_gold_task state:running start_date:2024-12-07 20:08:27.114655+00:00
[2024-12-07T20:08:27.388+0000] {logging_mixin.py:190} INFO - Dag name:medal_count_dag and current dag run status:running
[2024-12-07T20:08:27.388+0000] {taskinstance.py:731} INFO - ::endgroup::
[2024-12-07T20:08:27.389+0000] {sql.py:278} INFO - Executing: 
INSERT INTO medal_count_vvd (medal_type, count, created_at)
VALUES ('Gold', (SELECT COUNT(*) FROM olympic_dataset.athlete_event_results WHERE medal = 'Gold'), NOW());
[2024-12-07T20:08:27.395+0000] {base.py:84} INFO - Retrieving connection 'goit_mysql_db_volodymyrdubrovskyi'
[2024-12-07T20:08:27.401+0000] {base.py:84} INFO - Retrieving connection 'goit_mysql_db_volodymyrdubrovskyi'
[2024-12-07T20:08:27.618+0000] {sql.py:544} INFO - Running statement: 
INSERT INTO medal_count_vvd (medal_type, count, created_at)
VALUES ('Gold', (SELECT COUNT(*) FROM olympic_dataset.athlete_event_results WHERE medal = 'Gold'), NOW());, parameters: None
[2024-12-07T20:08:28.038+0000] {sql.py:553} INFO - Rows affected: 1
[2024-12-07T20:08:28.094+0000] {taskinstance.py:340} INFO - ::group::Post task execution logs
[2024-12-07T20:08:28.095+0000] {taskinstance.py:352} INFO - Marking task as SUCCESS. dag_id=medal_count_dag, task_id=calc_gold_task, run_id=manual__2024-12-07T20:08:18.915930+00:00, execution_date=20241207T200818, start_date=20241207T200827, end_date=20241207T200828
[2024-12-07T20:08:28.103+0000] {logging_mixin.py:190} INFO - Task instance in success state
[2024-12-07T20:08:28.104+0000] {logging_mixin.py:190} INFO -  Previous state of the Task instance: running
[2024-12-07T20:08:28.105+0000] {logging_mixin.py:190} INFO - Dag name:medal_count_dag queued_at:2024-12-07 20:08:18.923481+00:00
[2024-12-07T20:08:28.105+0000] {logging_mixin.py:190} INFO - Task hostname:a693d8a2436c operator:MySqlOperator
[2024-12-07T20:08:28.121+0000] {local_task_job_runner.py:266} INFO - Task exited with return code 0
[2024-12-07T20:08:28.139+0000] {taskinstance.py:3895} INFO - 1 downstream tasks scheduled from follow-on schedule check
[2024-12-07T20:08:28.141+0000] {local_task_job_runner.py:245} INFO - ::endgroup::
