[2024-12-07T19:55:22.238+0000] {local_task_job_runner.py:123} INFO - ::group::Pre task execution logs
[2024-12-07T19:55:22.249+0000] {taskinstance.py:2613} INFO - Dependencies all met for dep_context=non-requeueable deps ti=<TaskInstance: medal_count_dag.pick_medal manual__2024-12-07T19:55:17.459710+00:00 [queued]>
[2024-12-07T19:55:22.255+0000] {taskinstance.py:2613} INFO - Dependencies all met for dep_context=requeueable deps ti=<TaskInstance: medal_count_dag.pick_medal manual__2024-12-07T19:55:17.459710+00:00 [queued]>
[2024-12-07T19:55:22.256+0000] {taskinstance.py:2866} INFO - Starting attempt 1 of 2
[2024-12-07T19:55:22.266+0000] {taskinstance.py:2889} INFO - Executing <Task(PythonOperator): pick_medal> on 2024-12-07 19:55:17.459710+00:00
[2024-12-07T19:55:22.273+0000] {warnings.py:112} WARNING - /home/***/.local/lib/python3.12/site-packages/***/task/task_runner/standard_task_runner.py:70: DeprecationWarning: This process (pid=5168) is multi-threaded, use of fork() may lead to deadlocks in the child.
  pid = os.fork()

[2024-12-07T19:55:22.274+0000] {standard_task_runner.py:104} INFO - Running: ['***', 'tasks', 'run', 'medal_count_dag', 'pick_medal', 'manual__2024-12-07T19:55:17.459710+00:00', '--job-id', '61', '--raw', '--subdir', 'DAGS_FOLDER/main.py', '--cfg-path', '/tmp/tmp1vzdf86j']
[2024-12-07T19:55:22.275+0000] {standard_task_runner.py:72} INFO - Started process 5170 to run task
[2024-12-07T19:55:22.276+0000] {standard_task_runner.py:105} INFO - Job 61: Subtask pick_medal
[2024-12-07T19:55:22.310+0000] {task_command.py:467} INFO - Running <TaskInstance: medal_count_dag.pick_medal manual__2024-12-07T19:55:17.459710+00:00 [running]> on host a693d8a2436c
[2024-12-07T19:55:22.512+0000] {taskinstance.py:3132} INFO - Exporting env vars: AIRFLOW_CTX_DAG_OWNER='***' AIRFLOW_CTX_DAG_ID='medal_count_dag' AIRFLOW_CTX_TASK_ID='pick_medal' AIRFLOW_CTX_EXECUTION_DATE='2024-12-07T19:55:17.459710+00:00' AIRFLOW_CTX_TRY_NUMBER='1' AIRFLOW_CTX_DAG_RUN_ID='manual__2024-12-07T19:55:17.459710+00:00'
[2024-12-07T19:55:22.513+0000] {logging_mixin.py:190} INFO - Task instance is in running state
[2024-12-07T19:55:22.514+0000] {logging_mixin.py:190} INFO -  Previous state of the Task instance: queued
[2024-12-07T19:55:22.516+0000] {logging_mixin.py:190} INFO - Current task name:pick_medal state:running start_date:2024-12-07 19:55:22.250628+00:00
[2024-12-07T19:55:22.517+0000] {logging_mixin.py:190} INFO - Dag name:medal_count_dag and current dag run status:running
[2024-12-07T19:55:22.517+0000] {taskinstance.py:731} INFO - ::endgroup::
[2024-12-07T19:55:22.526+0000] {python.py:240} INFO - Done. Returned value was: Bronze
[2024-12-07T19:55:22.540+0000] {taskinstance.py:340} INFO - ::group::Post task execution logs
[2024-12-07T19:55:22.541+0000] {taskinstance.py:352} INFO - Marking task as SUCCESS. dag_id=medal_count_dag, task_id=pick_medal, run_id=manual__2024-12-07T19:55:17.459710+00:00, execution_date=20241207T195517, start_date=20241207T195522, end_date=20241207T195522
[2024-12-07T19:55:22.547+0000] {logging_mixin.py:190} INFO - Task instance in success state
[2024-12-07T19:55:22.548+0000] {logging_mixin.py:190} INFO -  Previous state of the Task instance: running
[2024-12-07T19:55:22.549+0000] {logging_mixin.py:190} INFO - Dag name:medal_count_dag queued_at:2024-12-07 19:55:17.467718+00:00
[2024-12-07T19:55:22.550+0000] {logging_mixin.py:190} INFO - Task hostname:a693d8a2436c operator:PythonOperator
[2024-12-07T19:55:22.572+0000] {local_task_job_runner.py:266} INFO - Task exited with return code 0
[2024-12-07T19:55:22.591+0000] {taskinstance.py:3895} INFO - 1 downstream tasks scheduled from follow-on schedule check
[2024-12-07T19:55:22.594+0000] {local_task_job_runner.py:245} INFO - ::endgroup::
