[2024-12-07T19:56:28.702+0000] {local_task_job_runner.py:123} INFO - ::group::Pre task execution logs
[2024-12-07T19:56:28.715+0000] {taskinstance.py:2613} INFO - Dependencies all met for dep_context=non-requeueable deps ti=<TaskInstance: medal_count_dag.generate_delay manual__2024-12-07T15:24:04.673694+00:00 [queued]>
[2024-12-07T19:56:28.722+0000] {taskinstance.py:2613} INFO - Dependencies all met for dep_context=requeueable deps ti=<TaskInstance: medal_count_dag.generate_delay manual__2024-12-07T15:24:04.673694+00:00 [queued]>
[2024-12-07T19:56:28.723+0000] {taskinstance.py:2866} INFO - Starting attempt 1 of 2
[2024-12-07T19:56:28.734+0000] {taskinstance.py:2889} INFO - Executing <Task(PythonOperator): generate_delay> on 2024-12-07 15:24:04.673694+00:00
[2024-12-07T19:56:28.741+0000] {warnings.py:112} WARNING - /home/***/.local/lib/python3.12/site-packages/***/task/task_runner/standard_task_runner.py:70: DeprecationWarning: This process (pid=5218) is multi-threaded, use of fork() may lead to deadlocks in the child.
  pid = os.fork()

[2024-12-07T19:56:28.742+0000] {standard_task_runner.py:72} INFO - Started process 5220 to run task
[2024-12-07T19:56:28.742+0000] {standard_task_runner.py:104} INFO - Running: ['***', 'tasks', 'run', 'medal_count_dag', 'generate_delay', 'manual__2024-12-07T15:24:04.673694+00:00', '--job-id', '70', '--raw', '--subdir', 'DAGS_FOLDER/main.py', '--cfg-path', '/tmp/tmpoe25rkb3']
[2024-12-07T19:56:28.744+0000] {standard_task_runner.py:105} INFO - Job 70: Subtask generate_delay
[2024-12-07T19:56:28.783+0000] {task_command.py:467} INFO - Running <TaskInstance: medal_count_dag.generate_delay manual__2024-12-07T15:24:04.673694+00:00 [running]> on host a693d8a2436c
[2024-12-07T19:56:29.056+0000] {taskinstance.py:3132} INFO - Exporting env vars: AIRFLOW_CTX_DAG_OWNER='***' AIRFLOW_CTX_DAG_ID='medal_count_dag' AIRFLOW_CTX_TASK_ID='generate_delay' AIRFLOW_CTX_EXECUTION_DATE='2024-12-07T15:24:04.673694+00:00' AIRFLOW_CTX_TRY_NUMBER='1' AIRFLOW_CTX_DAG_RUN_ID='manual__2024-12-07T15:24:04.673694+00:00'
[2024-12-07T19:56:29.058+0000] {logging_mixin.py:190} INFO - Task instance is in running state
[2024-12-07T19:56:29.059+0000] {logging_mixin.py:190} INFO -  Previous state of the Task instance: queued
[2024-12-07T19:56:29.060+0000] {logging_mixin.py:190} INFO - Current task name:generate_delay state:running start_date:2024-12-07 19:56:28.716236+00:00
[2024-12-07T19:56:29.061+0000] {logging_mixin.py:190} INFO - Dag name:medal_count_dag and current dag run status:running
[2024-12-07T19:56:29.062+0000] {taskinstance.py:731} INFO - ::endgroup::
[2024-12-07T19:56:34.063+0000] {python.py:240} INFO - Done. Returned value was: None
[2024-12-07T19:56:34.072+0000] {taskinstance.py:340} INFO - ::group::Post task execution logs
[2024-12-07T19:56:34.073+0000] {taskinstance.py:352} INFO - Marking task as SUCCESS. dag_id=medal_count_dag, task_id=generate_delay, run_id=manual__2024-12-07T15:24:04.673694+00:00, execution_date=20241207T152404, start_date=20241207T195628, end_date=20241207T195634
[2024-12-07T19:56:34.084+0000] {logging_mixin.py:190} INFO - Task instance in success state
[2024-12-07T19:56:34.085+0000] {logging_mixin.py:190} INFO -  Previous state of the Task instance: running
[2024-12-07T19:56:34.085+0000] {logging_mixin.py:190} INFO - Dag name:medal_count_dag queued_at:2024-12-07 19:56:17.183765+00:00
[2024-12-07T19:56:34.086+0000] {logging_mixin.py:190} INFO - Task hostname:a693d8a2436c operator:PythonOperator
[2024-12-07T19:56:34.102+0000] {local_task_job_runner.py:266} INFO - Task exited with return code 0
[2024-12-07T19:56:34.119+0000] {taskinstance.py:3895} INFO - 1 downstream tasks scheduled from follow-on schedule check
[2024-12-07T19:56:34.121+0000] {local_task_job_runner.py:245} INFO - ::endgroup::
