[2024-12-07T20:06:01.386+0000] {local_task_job_runner.py:123} INFO - ::group::Pre task execution logs
[2024-12-07T20:06:01.403+0000] {taskinstance.py:2613} INFO - Dependencies all met for dep_context=non-requeueable deps ti=<TaskInstance: medal_count_dag.calc_silver_task manual__2024-12-07T19:35:03.801559+00:00 [queued]>
[2024-12-07T20:06:01.410+0000] {taskinstance.py:2613} INFO - Dependencies all met for dep_context=requeueable deps ti=<TaskInstance: medal_count_dag.calc_silver_task manual__2024-12-07T19:35:03.801559+00:00 [queued]>
[2024-12-07T20:06:01.411+0000] {taskinstance.py:2866} INFO - Starting attempt 1 of 2
[2024-12-07T20:06:01.421+0000] {taskinstance.py:2889} INFO - Executing <Task(MySqlOperator): calc_silver_task> on 2024-12-07 19:35:03.801559+00:00
[2024-12-07T20:06:01.428+0000] {warnings.py:112} WARNING - /home/***/.local/lib/python3.12/site-packages/***/task/task_runner/standard_task_runner.py:70: DeprecationWarning: This process (pid=5585) is multi-threaded, use of fork() may lead to deadlocks in the child.
  pid = os.fork()

[2024-12-07T20:06:01.430+0000] {standard_task_runner.py:72} INFO - Started process 5587 to run task
[2024-12-07T20:06:01.430+0000] {standard_task_runner.py:104} INFO - Running: ['***', 'tasks', 'run', 'medal_count_dag', 'calc_silver_task', 'manual__2024-12-07T19:35:03.801559+00:00', '--job-id', '130', '--raw', '--subdir', 'DAGS_FOLDER/main.py', '--cfg-path', '/tmp/tmp108ocjrs']
[2024-12-07T20:06:01.432+0000] {standard_task_runner.py:105} INFO - Job 130: Subtask calc_silver_task
[2024-12-07T20:06:01.470+0000] {task_command.py:467} INFO - Running <TaskInstance: medal_count_dag.calc_silver_task manual__2024-12-07T19:35:03.801559+00:00 [running]> on host a693d8a2436c
[2024-12-07T20:06:01.703+0000] {taskinstance.py:3132} INFO - Exporting env vars: AIRFLOW_CTX_DAG_OWNER='***' AIRFLOW_CTX_DAG_ID='medal_count_dag' AIRFLOW_CTX_TASK_ID='calc_silver_task' AIRFLOW_CTX_EXECUTION_DATE='2024-12-07T19:35:03.801559+00:00' AIRFLOW_CTX_TRY_NUMBER='1' AIRFLOW_CTX_DAG_RUN_ID='manual__2024-12-07T19:35:03.801559+00:00'
[2024-12-07T20:06:01.705+0000] {logging_mixin.py:190} INFO - Task instance is in running state
[2024-12-07T20:06:01.705+0000] {logging_mixin.py:190} INFO -  Previous state of the Task instance: queued
[2024-12-07T20:06:01.706+0000] {logging_mixin.py:190} INFO - Current task name:calc_silver_task state:running start_date:2024-12-07 20:06:01.403948+00:00
[2024-12-07T20:06:01.707+0000] {logging_mixin.py:190} INFO - Dag name:medal_count_dag and current dag run status:running
[2024-12-07T20:06:01.708+0000] {taskinstance.py:731} INFO - ::endgroup::
[2024-12-07T20:06:01.708+0000] {sql.py:278} INFO - Executing: 
INSERT INTO medal_count_vvd (medal_type, count, created_at)
VALUES ('Silver', (SELECT COUNT(*) FROM olympic_dataset.athlete_event_results WHERE medal = 'Silver'), NOW());
[2024-12-07T20:06:01.716+0000] {base.py:84} INFO - Retrieving connection 'goit_mysql_db_volodymyrdubrovskyi'
[2024-12-07T20:06:01.723+0000] {base.py:84} INFO - Retrieving connection 'goit_mysql_db_volodymyrdubrovskyi'
[2024-12-07T20:06:01.946+0000] {sql.py:544} INFO - Running statement: 
INSERT INTO medal_count_vvd (medal_type, count, created_at)
VALUES ('Silver', (SELECT COUNT(*) FROM olympic_dataset.athlete_event_results WHERE medal = 'Silver'), NOW());, parameters: None
[2024-12-07T20:06:02.361+0000] {sql.py:553} INFO - Rows affected: 1
[2024-12-07T20:06:02.417+0000] {taskinstance.py:340} INFO - ::group::Post task execution logs
[2024-12-07T20:06:02.418+0000] {taskinstance.py:352} INFO - Marking task as SUCCESS. dag_id=medal_count_dag, task_id=calc_silver_task, run_id=manual__2024-12-07T19:35:03.801559+00:00, execution_date=20241207T193503, start_date=20241207T200601, end_date=20241207T200602
[2024-12-07T20:06:02.429+0000] {logging_mixin.py:190} INFO - Task instance in success state
[2024-12-07T20:06:02.430+0000] {logging_mixin.py:190} INFO -  Previous state of the Task instance: running
[2024-12-07T20:06:02.431+0000] {logging_mixin.py:190} INFO - Dag name:medal_count_dag queued_at:2024-12-07 20:05:53.893525+00:00
[2024-12-07T20:06:02.431+0000] {logging_mixin.py:190} INFO - Task hostname:a693d8a2436c operator:MySqlOperator
[2024-12-07T20:06:02.450+0000] {local_task_job_runner.py:266} INFO - Task exited with return code 0
[2024-12-07T20:06:02.471+0000] {taskinstance.py:3895} INFO - 1 downstream tasks scheduled from follow-on schedule check
[2024-12-07T20:06:02.476+0000] {local_task_job_runner.py:245} INFO - ::endgroup::
