[2024-12-07T19:28:16.759+0000] {local_task_job_runner.py:123} INFO - ::group::Pre task execution logs
[2024-12-07T19:28:16.773+0000] {taskinstance.py:2613} INFO - Dependencies all met for dep_context=non-requeueable deps ti=<TaskInstance: medal_count_dag.pick_medal manual__2024-12-07T19:28:12.851252+00:00 [queued]>
[2024-12-07T19:28:16.780+0000] {taskinstance.py:2613} INFO - Dependencies all met for dep_context=requeueable deps ti=<TaskInstance: medal_count_dag.pick_medal manual__2024-12-07T19:28:12.851252+00:00 [queued]>
[2024-12-07T19:28:16.781+0000] {taskinstance.py:2866} INFO - Starting attempt 1 of 2
[2024-12-07T19:28:16.793+0000] {taskinstance.py:2889} INFO - Executing <Task(PythonOperator): pick_medal> on 2024-12-07 19:28:12.851252+00:00
[2024-12-07T19:28:16.800+0000] {warnings.py:112} WARNING - /home/***/.local/lib/python3.12/site-packages/***/task/task_runner/standard_task_runner.py:70: DeprecationWarning: This process (pid=4689) is multi-threaded, use of fork() may lead to deadlocks in the child.
  pid = os.fork()

[2024-12-07T19:28:16.802+0000] {standard_task_runner.py:104} INFO - Running: ['***', 'tasks', 'run', 'medal_count_dag', 'pick_medal', 'manual__2024-12-07T19:28:12.851252+00:00', '--job-id', '31', '--raw', '--subdir', 'DAGS_FOLDER/main.py', '--cfg-path', '/tmp/tmp95kxztpo']
[2024-12-07T19:28:16.803+0000] {standard_task_runner.py:72} INFO - Started process 4691 to run task
[2024-12-07T19:28:16.803+0000] {standard_task_runner.py:105} INFO - Job 31: Subtask pick_medal
[2024-12-07T19:28:16.847+0000] {task_command.py:467} INFO - Running <TaskInstance: medal_count_dag.pick_medal manual__2024-12-07T19:28:12.851252+00:00 [running]> on host a693d8a2436c
[2024-12-07T19:28:17.083+0000] {taskinstance.py:3132} INFO - Exporting env vars: AIRFLOW_CTX_DAG_OWNER='***' AIRFLOW_CTX_DAG_ID='medal_count_dag' AIRFLOW_CTX_TASK_ID='pick_medal' AIRFLOW_CTX_EXECUTION_DATE='2024-12-07T19:28:12.851252+00:00' AIRFLOW_CTX_TRY_NUMBER='1' AIRFLOW_CTX_DAG_RUN_ID='manual__2024-12-07T19:28:12.851252+00:00'
[2024-12-07T19:28:17.084+0000] {logging_mixin.py:190} INFO - Task instance is in running state
[2024-12-07T19:28:17.084+0000] {logging_mixin.py:190} INFO -  Previous state of the Task instance: queued
[2024-12-07T19:28:17.085+0000] {logging_mixin.py:190} INFO - Current task name:pick_medal state:running start_date:2024-12-07 19:28:16.774456+00:00
[2024-12-07T19:28:17.086+0000] {logging_mixin.py:190} INFO - Dag name:medal_count_dag and current dag run status:running
[2024-12-07T19:28:17.087+0000] {taskinstance.py:731} INFO - ::endgroup::
[2024-12-07T19:28:17.096+0000] {python.py:240} INFO - Done. Returned value was: Bronze
[2024-12-07T19:28:17.109+0000] {taskinstance.py:340} INFO - ::group::Post task execution logs
[2024-12-07T19:28:17.110+0000] {taskinstance.py:352} INFO - Marking task as SUCCESS. dag_id=medal_count_dag, task_id=pick_medal, run_id=manual__2024-12-07T19:28:12.851252+00:00, execution_date=20241207T192812, start_date=20241207T192816, end_date=20241207T192817
[2024-12-07T19:28:17.116+0000] {logging_mixin.py:190} INFO - Task instance in success state
[2024-12-07T19:28:17.117+0000] {logging_mixin.py:190} INFO -  Previous state of the Task instance: running
[2024-12-07T19:28:17.118+0000] {logging_mixin.py:190} INFO - Dag name:medal_count_dag queued_at:2024-12-07 19:28:12.858590+00:00
[2024-12-07T19:28:17.118+0000] {logging_mixin.py:190} INFO - Task hostname:a693d8a2436c operator:PythonOperator
[2024-12-07T19:28:17.140+0000] {local_task_job_runner.py:266} INFO - Task exited with return code 0
[2024-12-07T19:28:17.159+0000] {taskinstance.py:3895} INFO - 1 downstream tasks scheduled from follow-on schedule check
[2024-12-07T19:28:17.162+0000] {local_task_job_runner.py:245} INFO - ::endgroup::
